<?xml version="1.0" encoding="UTF-8"?>
<!-- Generated by org.testng.reporters.JUnitXMLReporter -->
<testsuite ignored="41" hostname="SSSLT025" failures="0" tests="3" name="Default test(failed)" time="236.117" errors="0" timestamp="2024-05-04T11:00:43 IST">
  <testcase classname="allPages.AllReportModules" name="TC13" time="12.627"/>
  <testcase classname="allPages.AllReportModules" name="TC16" time="192.422">
    <skipped/>
  </testcase> <!-- TC16 -->
  <testcase classname="allPages.AllReportModules" name="TC16" time="12.073"/>
  <testcase classname="allPages.AllReportModules" name="OSReportBtn" time="0.0">
    <ignored/>
  </testcase> <!-- OSReportBtn -->
  <testcase classname="allPages.AllReportModules" name="ActivityReport" time="0.0">
    <ignored/>
  </testcase> <!-- ActivityReport -->
  <testcase classname="allPages.AllReportModules" name="TC12" time="0.0">
    <ignored/>
  </testcase> <!-- TC12 -->
  <testcase classname="allPages.AllReportModules" name="TC34" time="0.0">
    <ignored/>
  </testcase> <!-- TC34 -->
  <testcase classname="allPages.AllReportModules" name="TC04" time="0.0">
    <ignored/>
  </testcase> <!-- TC04 -->
  <testcase classname="allPages.AllReportModules" name="TC26" time="0.0">
    <ignored/>
  </testcase> <!-- TC26 -->
  <testcase classname="allPages.AllReportModules" name="TC18" time="0.0">
    <ignored/>
  </testcase> <!-- TC18 -->
  <testcase classname="allPages.AllReportModules" name="TC24" time="0.0">
    <ignored/>
  </testcase> <!-- TC24 -->
  <testcase classname="allPages.AllReportModules" name="TC02" time="0.0">
    <ignored/>
  </testcase> <!-- TC02 -->
  <testcase classname="allPages.AllReportModules" name="TC38" time="0.0">
    <ignored/>
  </testcase> <!-- TC38 -->
  <testcase classname="allPages.AllReportModules" name="TC08" time="0.0">
    <ignored/>
  </testcase> <!-- TC08 -->
  <testcase classname="allPages.AllReportModules" name="TC28" time="0.0">
    <ignored/>
  </testcase> <!-- TC28 -->
  <testcase classname="allPages.AllReportModules" name="TC06" time="0.0">
    <ignored/>
  </testcase> <!-- TC06 -->
  <testcase classname="allPages.AllReportModules" name="InvoiceLog" time="0.0">
    <ignored/>
  </testcase> <!-- InvoiceLog -->
  <testcase classname="allPages.AllReportModules" name="TC32" time="0.0">
    <ignored/>
  </testcase> <!-- TC32 -->
  <testcase classname="allPages.AllReportModules" name="TC10" time="0.0">
    <ignored/>
  </testcase> <!-- TC10 -->
  <testcase classname="allPages.AllReportModules" name="TC30" time="0.0">
    <ignored/>
  </testcase> <!-- TC30 -->
  <testcase classname="allPages.AllReportModules" name="TC22" time="0.0">
    <ignored/>
  </testcase> <!-- TC22 -->
  <testcase classname="allPages.AllReportModules" name="TC14" time="0.0">
    <ignored/>
  </testcase> <!-- TC14 -->
  <testcase classname="allPages.AllReportModules" name="TC36" time="0.0">
    <ignored/>
  </testcase> <!-- TC36 -->
  <testcase classname="allPages.AllReportModules" name="TC20" time="0.0">
    <ignored/>
  </testcase> <!-- TC20 -->
  <testcase classname="allPages.AllReportModules" name="TC09" time="0.0">
    <ignored/>
  </testcase> <!-- TC09 -->
  <testcase classname="allPages.AllReportModules" name="TC23" time="0.0">
    <ignored/>
  </testcase> <!-- TC23 -->
  <testcase classname="allPages.AllReportModules" name="TC01" time="0.0">
    <ignored/>
  </testcase> <!-- TC01 -->
  <testcase classname="allPages.AllReportModules" name="TC15" time="0.0">
    <ignored/>
  </testcase> <!-- TC15 -->
  <testcase classname="allPages.AllReportModules" name="TC37" time="0.0">
    <ignored/>
  </testcase> <!-- TC37 -->
  <testcase classname="allPages.AllReportModules" name="TC29" time="0.0">
    <ignored/>
  </testcase> <!-- TC29 -->
  <testcase classname="allPages.AllReportModules" name="TC07" time="0.0">
    <ignored/>
  </testcase> <!-- TC07 -->
  <testcase classname="allPages.AllReportModules" name="ACHTransactionBtn" time="0.0">
    <ignored/>
  </testcase> <!-- ACHTransactionBtn -->
  <testcase classname="allPages.AllReportModules" name="TC35" time="0.0">
    <ignored/>
  </testcase> <!-- TC35 -->
  <testcase classname="allPages.AllReportModules" name="TC05" time="0.0">
    <ignored/>
  </testcase> <!-- TC05 -->
  <testcase classname="allPages.AllReportModules" name="TC27" time="0.0">
    <ignored/>
  </testcase> <!-- TC27 -->
  <testcase classname="allPages.AllReportModules" name="TC19" time="0.0">
    <ignored/>
  </testcase> <!-- TC19 -->
  <testcase classname="allPages.AllReportModules" name="TC39" time="0.0">
    <ignored/>
  </testcase> <!-- TC39 -->
  <testcase classname="allPages.AllReportModules" name="TC21" time="0.0">
    <ignored/>
  </testcase> <!-- TC21 -->
  <testcase classname="allPages.AllReportModules" name="TapeReportBtn" time="0.0">
    <ignored/>
  </testcase> <!-- TapeReportBtn -->
  <testcase classname="allPages.AllReportModules" name="TC11" time="0.0">
    <ignored/>
  </testcase> <!-- TC11 -->
  <testcase classname="allPages.AllReportModules" name="TC33" time="0.0">
    <ignored/>
  </testcase> <!-- TC33 -->
  <testcase classname="allPages.AllReportModules" name="TC25" time="0.0">
    <ignored/>
  </testcase> <!-- TC25 -->
  <testcase classname="allPages.AllReportModules" name="TC03" time="0.0">
    <ignored/>
  </testcase> <!-- TC03 -->
  <testcase classname="allPages.AllReportModules" name="TC31" time="0.0">
    <ignored/>
  </testcase> <!-- TC31 -->
</testsuite> <!-- Default test(failed) -->
