<?xml version="1.0" encoding="UTF-8"?>
<!-- Generated by org.testng.reporters.JUnitXMLReporter -->
<testsuite ignored="51" hostname="SSSLT025" failures="0" tests="1" name="Default test" time="26.089" errors="0" timestamp="2024-05-06T18:29:41 IST">
  <testcase classname="allPages.InvoicePayAndCreate" name="TC20" time="19.364"/>
  <testcase classname="allPages.InvoicePayAndCreate" name="TC27" time="0.0">
    <ignored/>
  </testcase> <!-- TC27 -->
  <testcase classname="allPages.InvoicePayAndCreate" name="TC07" time="0.0">
    <ignored/>
  </testcase> <!-- TC07 -->
  <testcase classname="allPages.InvoicePayAndCreate" name="TC13" time="0.0">
    <ignored/>
  </testcase> <!-- TC13 -->
  <testcase classname="allPages.InvoicePayAndCreate" name="TC17" time="0.0">
    <ignored/>
  </testcase> <!-- TC17 -->
  <testcase classname="allPages.InvoicePayAndCreate" name="TC30" time="0.0">
    <ignored/>
  </testcase> <!-- TC30 -->
  <testcase classname="allPages.InvoicePayAndCreate" name="TC44" time="0.0">
    <ignored/>
  </testcase> <!-- TC44 -->
  <testcase classname="allPages.InvoicePayAndCreate" name="TC10" time="0.0">
    <ignored/>
  </testcase> <!-- TC10 -->
  <testcase classname="allPages.InvoicePayAndCreate" name="TC23" time="0.0">
    <ignored/>
  </testcase> <!-- TC23 -->
  <testcase classname="allPages.InvoicePayAndCreate" name="TC37" time="0.0">
    <ignored/>
  </testcase> <!-- TC37 -->
  <testcase classname="allPages.InvoicePayAndCreate" name="TC47" time="0.0">
    <ignored/>
  </testcase> <!-- TC47 -->
  <testcase classname="allPages.InvoicePayAndCreate" name="TC03" time="0.0">
    <ignored/>
  </testcase> <!-- TC03 -->
  <testcase classname="allPages.InvoicePayAndCreate" name="TC40" time="0.0">
    <ignored/>
  </testcase> <!-- TC40 -->
  <testcase classname="allPages.InvoicePayAndCreate" name="InvoicePayClick" time="0.0">
    <ignored/>
  </testcase> <!-- InvoicePayClick -->
  <testcase classname="allPages.InvoicePayAndCreate" name="TC50" time="0.0">
    <ignored/>
  </testcase> <!-- TC50 -->
  <testcase classname="allPages.InvoicePayAndCreate" name="CreateInvoiceClick" time="0.0">
    <ignored/>
  </testcase> <!-- CreateInvoiceClick -->
  <testcase classname="allPages.InvoicePayAndCreate" name="TC38" time="0.0">
    <ignored/>
  </testcase> <!-- TC38 -->
  <testcase classname="allPages.InvoicePayAndCreate" name="TC08" time="0.0">
    <ignored/>
  </testcase> <!-- TC08 -->
  <testcase classname="allPages.InvoicePayAndCreate" name="TC18" time="0.0">
    <ignored/>
  </testcase> <!-- TC18 -->
  <testcase classname="allPages.InvoicePayAndCreate" name="TC24" time="0.0">
    <ignored/>
  </testcase> <!-- TC24 -->
  <testcase classname="allPages.InvoicePayAndCreate" name="TC28" time="0.0">
    <ignored/>
  </testcase> <!-- TC28 -->
  <testcase classname="allPages.InvoicePayAndCreate" name="TC41" time="0.0">
    <ignored/>
  </testcase> <!-- TC41 -->
  <testcase classname="allPages.InvoicePayAndCreate" name="TC11" time="0.0">
    <ignored/>
  </testcase> <!-- TC11 -->
  <testcase classname="allPages.InvoicePayAndCreate" name="TC21" time="0.0">
    <ignored/>
  </testcase> <!-- TC21 -->
  <testcase classname="allPages.InvoicePayAndCreate" name="TC34" time="0.0">
    <ignored/>
  </testcase> <!-- TC34 -->
  <testcase classname="allPages.InvoicePayAndCreate" name="TC48" time="0.0">
    <ignored/>
  </testcase> <!-- TC48 -->
  <testcase classname="allPages.InvoicePayAndCreate" name="TC04" time="0.0">
    <ignored/>
  </testcase> <!-- TC04 -->
  <testcase classname="allPages.InvoicePayAndCreate" name="TC14" time="0.0">
    <ignored/>
  </testcase> <!-- TC14 -->
  <testcase classname="allPages.InvoicePayAndCreate" name="TC31" time="0.0">
    <ignored/>
  </testcase> <!-- TC31 -->
  <testcase classname="allPages.InvoicePayAndCreate" name="TC49" time="0.0">
    <ignored/>
  </testcase> <!-- TC49 -->
  <testcase classname="allPages.InvoicePayAndCreate" name="TC19" time="0.0">
    <ignored/>
  </testcase> <!-- TC19 -->
  <testcase classname="allPages.InvoicePayAndCreate" name="TC29" time="0.0">
    <ignored/>
  </testcase> <!-- TC29 -->
  <testcase classname="allPages.InvoicePayAndCreate" name="TC35" time="0.0">
    <ignored/>
  </testcase> <!-- TC35 -->
  <testcase classname="allPages.InvoicePayAndCreate" name="TC09" time="0.0">
    <ignored/>
  </testcase> <!-- TC09 -->
  <testcase classname="allPages.InvoicePayAndCreate" name="TC39" time="0.0">
    <ignored/>
  </testcase> <!-- TC39 -->
  <testcase classname="allPages.InvoicePayAndCreate" name="TC22" time="0.0">
    <ignored/>
  </testcase> <!-- TC22 -->
  <testcase classname="allPages.InvoicePayAndCreate" name="TC32" time="0.0">
    <ignored/>
  </testcase> <!-- TC32 -->
  <testcase classname="allPages.InvoicePayAndCreate" name="TC45" time="0.0">
    <ignored/>
  </testcase> <!-- TC45 -->
  <testcase classname="allPages.InvoicePayAndCreate" name="TC01" time="0.0">
    <ignored/>
  </testcase> <!-- TC01 -->
  <testcase classname="allPages.InvoicePayAndCreate" name="TC15" time="0.0">
    <ignored/>
  </testcase> <!-- TC15 -->
  <testcase classname="allPages.InvoicePayAndCreate" name="TC25" time="0.0">
    <ignored/>
  </testcase> <!-- TC25 -->
  <testcase classname="allPages.InvoicePayAndCreate" name="TC42" time="0.0">
    <ignored/>
  </testcase> <!-- TC42 -->
  <testcase classname="allPages.InvoicePayAndCreate" name="TC16" time="0.0">
    <ignored/>
  </testcase> <!-- TC16 -->
  <testcase classname="allPages.InvoicePayAndCreate" name="TC46" time="0.0">
    <ignored/>
  </testcase> <!-- TC46 -->
  <testcase classname="allPages.InvoicePayAndCreate" name="TC02" time="0.0">
    <ignored/>
  </testcase> <!-- TC02 -->
  <testcase classname="allPages.InvoicePayAndCreate" name="TC06" time="0.0">
    <ignored/>
  </testcase> <!-- TC06 -->
  <testcase classname="allPages.InvoicePayAndCreate" name="TC33" time="0.0">
    <ignored/>
  </testcase> <!-- TC33 -->
  <testcase classname="allPages.InvoicePayAndCreate" name="TC44a" time="0.0">
    <ignored/>
  </testcase> <!-- TC44a -->
  <testcase classname="allPages.InvoicePayAndCreate" name="TC43" time="0.0">
    <ignored/>
  </testcase> <!-- TC43 -->
  <testcase classname="allPages.InvoicePayAndCreate" name="TC12" time="0.0">
    <ignored/>
  </testcase> <!-- TC12 -->
  <testcase classname="allPages.InvoicePayAndCreate" name="TC26" time="0.0">
    <ignored/>
  </testcase> <!-- TC26 -->
  <testcase classname="allPages.InvoicePayAndCreate" name="TC36" time="0.0">
    <ignored/>
  </testcase> <!-- TC36 -->
</testsuite> <!-- Default test -->
