<?xml version="1.0" encoding="UTF-8"?>
<!-- Generated by org.testng.reporters.JUnitXMLReporter -->
<testsuite ignored="3" hostname="SSSLT025" failures="9" tests="211" name="Test" time="6575.409" errors="0" timestamp="2024-05-21T20:16:53 IST">
  <testcase classname="allPages.InstallerSetup" name="InstallerBtnClick" time="11.446"/>
  <testcase classname="allPages.InstallerSetup" name="TC01" time="20.898"/>
  <testcase classname="allPages.InstallerSetup" name="EnterAllDetails" time="16.333"/>
  <testcase classname="allPages.InstallerSetup" name="TC02" time="18.563"/>
  <testcase classname="allPages.InstallerSetup" name="TC03" time="16.607"/>
  <testcase classname="allPages.InstallerSetup" name="TC04" time="15.174"/>
  <testcase classname="allPages.InstallerSetup" name="TC06" time="13.011"/>
  <testcase classname="allPages.InstallerSetup" name="TC07" time="17.138"/>
  <testcase classname="allPages.InstallerSetup" name="TC08" time="24.05"/>
  <testcase classname="allPages.InstallerSetup" name="TC10" time="26.951"/>
  <testcase classname="allPages.InstallerSetup" name="TC09" time="24.783"/>
  <testcase classname="allPages.InstallerSetup" name="TC11" time="16.625">
    <skipped/>
  </testcase> <!-- TC11 -->
  <testcase classname="allPages.InstallerSetup" name="TC11" time="20.334"/>
  <testcase classname="allPages.InstallerSetup" name="TC14" time="74.65">
    <skipped/>
  </testcase> <!-- TC14 -->
  <testcase classname="allPages.InstallerSetup" name="TC14" time="74.726">
    <skipped/>
  </testcase> <!-- TC14 -->
  <testcase classname="allPages.InstallerSetup" name="TC14" time="22.208"/>
  <testcase classname="allPages.InstallerSetup" name="TC15" time="75.949">
    <skipped/>
  </testcase> <!-- TC15 -->
  <testcase classname="allPages.InstallerSetup" name="TC15" time="72.699">
    <skipped/>
  </testcase> <!-- TC15 -->
  <testcase classname="allPages.InstallerSetup" name="TC15" time="20.874">
    <skipped/>
  </testcase> <!-- TC15 -->
  <testcase classname="allPages.InstallerSetup" name="TC15" time="72.767">
    <skipped/>
  </testcase> <!-- TC15 -->
  <testcase classname="allPages.InstallerSetup" name="TC15" time="21.129">
    <skipped/>
  </testcase> <!-- TC15 -->
  <testcase classname="allPages.InstallerSetup" name="TC15" time="26.526">
    <failure type="java.lang.IllegalStateException" message="cannot open system clipboard">
      <![CDATA[java.lang.IllegalStateException: cannot open system clipboard
at java.desktop/sun.awt.windows.WClipboard.openClipboard(Native Method)
at java.desktop/sun.awt.windows.WClipboard.setContentsNative(WClipboard.java:75)
at java.desktop/sun.awt.datatransfer.SunClipboard.setContents(SunClipboard.java:105)
at allPages.InstallerSetup.TC15(InstallerSetup.java:443)
at java.base/java.util.ArrayList.forEach(ArrayList.java:1596)
... Removed 25 stack frames]]>
    </failure>
  </testcase> <!-- TC15 -->
  <testcase classname="allPages.InstallerSetup" name="TC16" time="77.54">
    <skipped/>
  </testcase> <!-- TC16 -->
  <testcase classname="allPages.InstallerSetup" name="TC16" time="20.892">
    <skipped/>
  </testcase> <!-- TC16 -->
  <testcase classname="allPages.InstallerSetup" name="TC16" time="19.331">
    <skipped/>
  </testcase> <!-- TC16 -->
  <testcase classname="allPages.InstallerSetup" name="TC16" time="73.335">
    <skipped/>
  </testcase> <!-- TC16 -->
  <testcase classname="allPages.InstallerSetup" name="TC16" time="19.215">
    <skipped/>
  </testcase> <!-- TC16 -->
  <testcase classname="allPages.InstallerSetup" name="TC16" time="74.273">
    <failure type="org.openqa.selenium.NoSuchElementException" message="no such element: Unable to locate element: {&amp;quot;method&amp;quot;:&amp;quot;xpath&amp;quot;,&amp;quot;selector&amp;quot;:&amp;quot;//*[@id=&amp;quot;kt_table_users&amp;quot;]/tbody/tr/td[8]/div/div/a/span&amp;quot;}
  (Session info: chrome=125.0.6422.61)
For documentation on this error, please visit: https://www.selenium.dev/documentation/webdriver/troubleshooting/errors#no-such-element-exception
Build info: version: &amp;apos;4.18.1&amp;apos;, revision: &amp;apos;b1d3319b48&amp;apos;
System info: os.name: &amp;apos;Windows 11&amp;apos;, os.arch: &amp;apos;amd64&amp;apos;, os.version: &amp;apos;10.0&amp;apos;, java.version: &amp;apos;21.0.2&amp;apos;
Driver info: org.openqa.selenium.chrome.ChromeDriver
Command: [de5359cf193569221090d11a56c40567, findElement {value=//*[@id=&amp;quot;kt_table_users&amp;quot;]/tbody/tr/td[8]/div/div/a/span, using=xpath}]
Capabilities {acceptInsecureCerts: false, browserName: chrome, browserVersion: 125.0.6422.61, chrome: {chromedriverVersion: 125.0.6422.60 (3ac3319bff9f..., userDataDir: C:\Users\THIRUM~1\AppData\L...}, fedcm:accounts: true, goog:chromeOptions: {debuggerAddress: localhost:52077}, networkConnectionEnabled: false, pageLoadStrategy: normal, platformName: windows, proxy: Proxy(), se:cdp: ws://localhost:52077/devtoo..., se:cdpVersion: 125.0.6422.61, setWindowRect: true, strictFileInteractability: false, timeouts: {implicit: 0, pageLoad: 300000, script: 30000}, unhandledPromptBehavior: dismiss and notify, webauthn:extension:credBlob: true, webauthn:extension:largeBlob: true, webauthn:extension:minPinLength: true, webauthn:extension:prf: true, webauthn:virtualAuthenticators: true}
Session ID: de5359cf193569221090d11a56c40567">
      <![CDATA[org.openqa.selenium.NoSuchElementException: no such element: Unable to locate element: {"method":"xpath","selector":"//*[@id="kt_table_users"]/tbody/tr/td[8]/div/div/a/span"}
  (Session info: chrome=125.0.6422.61)
For documentation on this error, please visit: https://www.selenium.dev/documentation/webdriver/troubleshooting/errors#no-such-element-exception
Build info: version: '4.18.1', revision: 'b1d3319b48'
System info: os.name: 'Windows 11', os.arch: 'amd64', os.version: '10.0', java.version: '21.0.2'
Driver info: org.openqa.selenium.chrome.ChromeDriver
Command: [de5359cf193569221090d11a56c40567, findElement {value=//*[@id="kt_table_users"]/tbody/tr/td[8]/div/div/a/span, using=xpath}]
Capabilities {acceptInsecureCerts: false, browserName: chrome, browserVersion: 125.0.6422.61, chrome: {chromedriverVersion: 125.0.6422.60 (3ac3319bff9f..., userDataDir: C:\Users\THIRUM~1\AppData\L...}, fedcm:accounts: true, goog:chromeOptions: {debuggerAddress: localhost:52077}, networkConnectionEnabled: false, pageLoadStrategy: normal, platformName: windows, proxy: Proxy(), se:cdp: ws://localhost:52077/devtoo..., se:cdpVersion: 125.0.6422.61, setWindowRect: true, strictFileInteractability: false, timeouts: {implicit: 0, pageLoad: 300000, script: 30000}, unhandledPromptBehavior: dismiss and notify, webauthn:extension:credBlob: true, webauthn:extension:largeBlob: true, webauthn:extension:minPinLength: true, webauthn:extension:prf: true, webauthn:virtualAuthenticators: true}
Session ID: de5359cf193569221090d11a56c40567
at org.openqa.selenium.remote.ErrorCodec.decode(ErrorCodec.java:167)
at org.openqa.selenium.remote.codec.w3c.W3CHttpResponseCodec.decode(W3CHttpResponseCodec.java:138)
at org.openqa.selenium.remote.codec.w3c.W3CHttpResponseCodec.decode(W3CHttpResponseCodec.java:50)
at org.openqa.selenium.remote.HttpCommandExecutor.execute(HttpCommandExecutor.java:190)
at org.openqa.selenium.remote.service.DriverCommandExecutor.invokeExecute(DriverCommandExecutor.java:216)
at org.openqa.selenium.remote.service.DriverCommandExecutor.execute(DriverCommandExecutor.java:174)
at org.openqa.selenium.remote.RemoteWebDriver.execute(RemoteWebDriver.java:519)
at org.openqa.selenium.remote.ElementLocation$ElementFinder$2.findElement(ElementLocation.java:165)
at org.openqa.selenium.remote.ElementLocation.findElement(ElementLocation.java:59)
at org.openqa.selenium.remote.RemoteWebDriver.findElement(RemoteWebDriver.java:356)
at org.openqa.selenium.remote.RemoteWebDriver.findElement(RemoteWebDriver.java:350)
at allPages.InstallerSetup.TC16(InstallerSetup.java:466)
at java.base/java.util.ArrayList.forEach(ArrayList.java:1596)
... Removed 28 stack frames]]>
    </failure>
  </testcase> <!-- TC16 -->
  <testcase classname="allPages.InstallerSetup" name="TC17" time="19.726">
    <skipped/>
  </testcase> <!-- TC17 -->
  <testcase classname="allPages.InstallerSetup" name="TC17" time="19.952">
    <skipped/>
  </testcase> <!-- TC17 -->
  <testcase classname="allPages.InstallerSetup" name="TC17" time="74.554">
    <skipped/>
  </testcase> <!-- TC17 -->
  <testcase classname="allPages.InstallerSetup" name="TC17" time="18.936">
    <skipped/>
  </testcase> <!-- TC17 -->
  <testcase classname="allPages.InstallerSetup" name="TC17" time="73.247">
    <skipped/>
  </testcase> <!-- TC17 -->
  <testcase classname="allPages.InstallerSetup" name="TC17" time="73.136">
    <failure type="org.openqa.selenium.NoSuchElementException" message="no such element: Unable to locate element: {&amp;quot;method&amp;quot;:&amp;quot;xpath&amp;quot;,&amp;quot;selector&amp;quot;:&amp;quot;//*[@id=&amp;quot;kt_table_users&amp;quot;]/tbody/tr/td[8]/div/div/a/span&amp;quot;}
  (Session info: chrome=125.0.6422.61)
For documentation on this error, please visit: https://www.selenium.dev/documentation/webdriver/troubleshooting/errors#no-such-element-exception
Build info: version: &amp;apos;4.18.1&amp;apos;, revision: &amp;apos;b1d3319b48&amp;apos;
System info: os.name: &amp;apos;Windows 11&amp;apos;, os.arch: &amp;apos;amd64&amp;apos;, os.version: &amp;apos;10.0&amp;apos;, java.version: &amp;apos;21.0.2&amp;apos;
Driver info: org.openqa.selenium.chrome.ChromeDriver
Command: [20e1a9a62d2e1e69a27cb94621824348, findElement {value=//*[@id=&amp;quot;kt_table_users&amp;quot;]/tbody/tr/td[8]/div/div/a/span, using=xpath}]
Capabilities {acceptInsecureCerts: false, browserName: chrome, browserVersion: 125.0.6422.61, chrome: {chromedriverVersion: 125.0.6422.60 (3ac3319bff9f..., userDataDir: C:\Users\THIRUM~1\AppData\L...}, fedcm:accounts: true, goog:chromeOptions: {debuggerAddress: localhost:52245}, networkConnectionEnabled: false, pageLoadStrategy: normal, platformName: windows, proxy: Proxy(), se:cdp: ws://localhost:52245/devtoo..., se:cdpVersion: 125.0.6422.61, setWindowRect: true, strictFileInteractability: false, timeouts: {implicit: 0, pageLoad: 300000, script: 30000}, unhandledPromptBehavior: dismiss and notify, webauthn:extension:credBlob: true, webauthn:extension:largeBlob: true, webauthn:extension:minPinLength: true, webauthn:extension:prf: true, webauthn:virtualAuthenticators: true}
Session ID: 20e1a9a62d2e1e69a27cb94621824348">
      <![CDATA[org.openqa.selenium.NoSuchElementException: no such element: Unable to locate element: {"method":"xpath","selector":"//*[@id="kt_table_users"]/tbody/tr/td[8]/div/div/a/span"}
  (Session info: chrome=125.0.6422.61)
For documentation on this error, please visit: https://www.selenium.dev/documentation/webdriver/troubleshooting/errors#no-such-element-exception
Build info: version: '4.18.1', revision: 'b1d3319b48'
System info: os.name: 'Windows 11', os.arch: 'amd64', os.version: '10.0', java.version: '21.0.2'
Driver info: org.openqa.selenium.chrome.ChromeDriver
Command: [20e1a9a62d2e1e69a27cb94621824348, findElement {value=//*[@id="kt_table_users"]/tbody/tr/td[8]/div/div/a/span, using=xpath}]
Capabilities {acceptInsecureCerts: false, browserName: chrome, browserVersion: 125.0.6422.61, chrome: {chromedriverVersion: 125.0.6422.60 (3ac3319bff9f..., userDataDir: C:\Users\THIRUM~1\AppData\L...}, fedcm:accounts: true, goog:chromeOptions: {debuggerAddress: localhost:52245}, networkConnectionEnabled: false, pageLoadStrategy: normal, platformName: windows, proxy: Proxy(), se:cdp: ws://localhost:52245/devtoo..., se:cdpVersion: 125.0.6422.61, setWindowRect: true, strictFileInteractability: false, timeouts: {implicit: 0, pageLoad: 300000, script: 30000}, unhandledPromptBehavior: dismiss and notify, webauthn:extension:credBlob: true, webauthn:extension:largeBlob: true, webauthn:extension:minPinLength: true, webauthn:extension:prf: true, webauthn:virtualAuthenticators: true}
Session ID: 20e1a9a62d2e1e69a27cb94621824348
at org.openqa.selenium.remote.ErrorCodec.decode(ErrorCodec.java:167)
at org.openqa.selenium.remote.codec.w3c.W3CHttpResponseCodec.decode(W3CHttpResponseCodec.java:138)
at org.openqa.selenium.remote.codec.w3c.W3CHttpResponseCodec.decode(W3CHttpResponseCodec.java:50)
at org.openqa.selenium.remote.HttpCommandExecutor.execute(HttpCommandExecutor.java:190)
at org.openqa.selenium.remote.service.DriverCommandExecutor.invokeExecute(DriverCommandExecutor.java:216)
at org.openqa.selenium.remote.service.DriverCommandExecutor.execute(DriverCommandExecutor.java:174)
at org.openqa.selenium.remote.RemoteWebDriver.execute(RemoteWebDriver.java:519)
at org.openqa.selenium.remote.ElementLocation$ElementFinder$2.findElement(ElementLocation.java:165)
at org.openqa.selenium.remote.ElementLocation.findElement(ElementLocation.java:59)
at org.openqa.selenium.remote.RemoteWebDriver.findElement(RemoteWebDriver.java:356)
at org.openqa.selenium.remote.RemoteWebDriver.findElement(RemoteWebDriver.java:350)
at allPages.InstallerSetup.TC17(InstallerSetup.java:502)
at java.base/java.util.ArrayList.forEach(ArrayList.java:1596)
... Removed 28 stack frames]]>
    </failure>
  </testcase> <!-- TC17 -->
  <testcase classname="allPages.InstallerSetup" name="TC18" time="72.637">
    <skipped/>
  </testcase> <!-- TC18 -->
  <testcase classname="allPages.InstallerSetup" name="TC18" time="16.738"/>
  <testcase classname="allPages.InstallerSetup" name="TC19" time="14.938"/>
  <testcase classname="allPages.InstallerSetup" name="TC20" time="12.665"/>
  <testcase classname="allPages.InstallerSetup" name="TC21" time="74.737">
    <skipped/>
  </testcase> <!-- TC21 -->
  <testcase classname="allPages.InstallerSetup" name="TC21" time="19.769"/>
  <testcase classname="allPages.InstallerSetup" name="TC22" time="75.194">
    <skipped/>
  </testcase> <!-- TC22 -->
  <testcase classname="allPages.InstallerSetup" name="TC22" time="70.372">
    <skipped/>
  </testcase> <!-- TC22 -->
  <testcase classname="allPages.InstallerSetup" name="TC22" time="78.967">
    <skipped/>
  </testcase> <!-- TC22 -->
  <testcase classname="allPages.InstallerSetup" name="TC22" time="19.049"/>
  <testcase classname="allPages.InstallerSetup" name="TC23" time="23.268"/>
  <testcase classname="allPages.InstallerSetup" name="TC25" time="14.894"/>
  <testcase classname="allPages.InstallerSetup" name="TC26" time="22.964"/>
  <testcase classname="allPages.InstallerSetup" name="TC27" time="21.81"/>
  <testcase classname="allPages.InstallerSetup" name="TC28" time="73.445">
    <skipped/>
  </testcase> <!-- TC28 -->
  <testcase classname="allPages.InstallerSetup" name="TC28" time="22.653"/>
  <testcase classname="allPages.InstallerSetup" name="TC29" time="25.814"/>
  <testcase classname="allPages.InstallerSetup" name="TC30" time="26.067"/>
  <testcase classname="allPages.InstallerSetup" name="TC31" time="17.31"/>
  <testcase classname="allPages.BankSetup" name="AuthorizedNetClick" time="9.259"/>
  <testcase classname="allPages.BankSetup" name="BankSetupClick" time="13.489"/>
  <testcase classname="allPages.BankSetup" name="EventLog" time="8.522"/>
  <testcase classname="allPages.BankSetup" name="ExceptionLog" time="9.687"/>
  <testcase classname="allPages.BankSetup" name="IPWhitelist" time="7.548"/>
  <testcase classname="allPages.BankSetup" name="UserLog" time="8.122"/>
  <testcase classname="allPages.BankSetup" name="TC01" time="20.247"/>
  <testcase classname="allPages.BankSetup" name="TC02" time="17.696"/>
  <testcase classname="allPages.BankSetup" name="TC03" time="17.165"/>
  <testcase classname="allPages.BankSetup" name="TC04" time="17.978"/>
  <testcase classname="allPages.BankSetup" name="TC05" time="71.376">
    <skipped/>
  </testcase> <!-- TC05 -->
  <testcase classname="allPages.BankSetup" name="TC05" time="19.951"/>
  <testcase classname="allPages.BankSetup" name="TC06" time="24.264"/>
  <testcase classname="allPages.BankSetup" name="TC07" time="22.559"/>
  <testcase classname="allPages.BankSetup" name="TC08" time="23.086"/>
  <testcase classname="allPages.BankSetup" name="TC09" time="17.538"/>
  <testcase classname="allPages.BankSetup" name="TC10" time="19.296"/>
  <testcase classname="allPages.BankSetup" name="TC11" time="21.717"/>
  <testcase classname="allPages.BankSetup" name="TC12" time="22.511"/>
  <testcase classname="allPages.BankSetup" name="TC13" time="22.031"/>
  <testcase classname="allPages.BankSetup" name="TC14" time="14.891"/>
  <testcase classname="allPages.BankSetup" name="TC15" time="11.045"/>
  <testcase classname="allPages.BankSetup" name="TC16" time="13.779"/>
  <testcase classname="allPages.BankSetup" name="TC17" time="11.5"/>
  <testcase classname="allPages.BankSetup" name="TC18" time="13.499"/>
  <testcase classname="allPages.BankSetup" name="TC19" time="13.663"/>
  <testcase classname="allPages.BankSetup" name="TC20" time="13.314"/>
  <testcase classname="allPages.BankSetup" name="TC21" time="11.592"/>
  <testcase classname="allPages.BankSetup" name="TC22" time="14.001"/>
  <testcase classname="allPages.BankSetup" name="TC23" time="17.844"/>
  <testcase classname="allPages.BankSetup" name="TC24" time="68.559">
    <skipped/>
  </testcase> <!-- TC24 -->
  <testcase classname="allPages.BankSetup" name="TC24" time="16.693"/>
  <testcase classname="allPages.BankSetup" name="TC25" time="10.931">
    <skipped/>
  </testcase> <!-- TC25 -->
  <testcase classname="allPages.BankSetup" name="TC25" time="15.248"/>
  <testcase classname="allPages.BankSetup" name="TC26" time="16.36"/>
  <testcase classname="allPages.BankSetup" name="TC27" time="68.973">
    <skipped/>
  </testcase> <!-- TC27 -->
  <testcase classname="allPages.BankSetup" name="TC27" time="9.781"/>
  <testcase classname="allPages.BankSetup" name="TC28" time="13.313"/>
  <testcase classname="allPages.BankSetup" name="TC29" time="13.027"/>
  <testcase classname="allPages.BankSetup" name="TC30" time="8.543"/>
  <testcase classname="allPages.BankSetup" name="TC31" time="15.076"/>
  <testcase classname="allPages.BankSetup" name="TC32" time="27.009"/>
  <testcase classname="allPages.BankSetup" name="TC33" time="8.219"/>
  <testcase classname="allPages.ViewUser" name="ViewUsersClick" time="10.98"/>
  <testcase classname="allPages.ViewUser" name="TC01" time="9.718"/>
  <testcase classname="allPages.ViewUser" name="TC02" time="16.552"/>
  <testcase classname="allPages.ViewUser" name="TC03" time="24.159"/>
  <testcase classname="allPages.ViewUser" name="TC04" time="12.559"/>
  <testcase classname="allPages.ViewUser" name="TC05" time="20.605"/>
  <testcase classname="allPages.ViewUser" name="TC06" time="68.465">
    <skipped/>
  </testcase> <!-- TC06 -->
  <testcase classname="allPages.ViewUser" name="TC06" time="67.592">
    <skipped/>
  </testcase> <!-- TC06 -->
  <testcase classname="allPages.ViewUser" name="TC06" time="22.263"/>
  <testcase classname="allPages.ViewUser" name="TC07" time="24.497"/>
  <testcase classname="allPages.ViewUser" name="TC36" time="19.703"/>
  <testcase classname="allPages.ViewUser" name="TC08" time="0.236"/>
  <testcase classname="allPages.ViewUser" name="TC09" time="20.978"/>
  <testcase classname="allPages.ViewUser" name="TC10" time="0.244"/>
  <testcase classname="allPages.ViewUser" name="TC11" time="69.028">
    <skipped/>
  </testcase> <!-- TC11 -->
  <testcase classname="allPages.ViewUser" name="TC11" time="12.884"/>
  <testcase classname="allPages.ViewUser" name="TC12" time="13.192"/>
  <testcase classname="allPages.ViewUser" name="TC13" time="0.237"/>
  <testcase classname="allPages.ViewUser" name="TC14" time="15.587"/>
  <testcase classname="allPages.ViewUser" name="TC15" time="20.366"/>
  <testcase classname="allPages.ViewUser" name="TC16" time="2.265"/>
  <testcase classname="allPages.ViewUser" name="TC17" time="14.687"/>
  <testcase classname="allPages.ViewUser" name="TC18" time="15.868"/>
  <testcase classname="allPages.ViewUser" name="TC19" time="22.844"/>
  <testcase classname="allPages.ViewUser" name="TC20" time="25.342">
    <skipped/>
  </testcase> <!-- TC20 -->
  <testcase classname="allPages.ViewUser" name="TC20" time="23.062">
    <skipped/>
  </testcase> <!-- TC20 -->
  <testcase classname="allPages.ViewUser" name="TC20" time="34.113"/>
  <testcase classname="allPages.ViewUser" name="TC21" time="11.588"/>
  <testcase classname="allPages.ViewUser" name="TC22" time="19.506"/>
  <testcase classname="allPages.ViewUser" name="TC24" time="72.361">
    <skipped/>
  </testcase> <!-- TC24 -->
  <testcase classname="allPages.ViewUser" name="TC24" time="71.42">
    <skipped/>
  </testcase> <!-- TC24 -->
  <testcase classname="allPages.ViewUser" name="TC24" time="71.499">
    <skipped/>
  </testcase> <!-- TC24 -->
  <testcase classname="allPages.ViewUser" name="TC24" time="71.475">
    <skipped/>
  </testcase> <!-- TC24 -->
  <testcase classname="allPages.ViewUser" name="TC24" time="70.276">
    <skipped/>
  </testcase> <!-- TC24 -->
  <testcase classname="allPages.ViewUser" name="TC24" time="71.391">
    <failure type="org.openqa.selenium.NoSuchElementException" message="no such element: Unable to locate element: {&amp;quot;method&amp;quot;:&amp;quot;xpath&amp;quot;,&amp;quot;selector&amp;quot;:&amp;quot;//*[@id=&amp;quot;kt_table_users&amp;quot;]/tbody/tr[1]/td[8]/div/div/a/span&amp;quot;}
  (Session info: chrome=125.0.6422.61)
For documentation on this error, please visit: https://www.selenium.dev/documentation/webdriver/troubleshooting/errors#no-such-element-exception
Build info: version: &amp;apos;4.18.1&amp;apos;, revision: &amp;apos;b1d3319b48&amp;apos;
System info: os.name: &amp;apos;Windows 11&amp;apos;, os.arch: &amp;apos;amd64&amp;apos;, os.version: &amp;apos;10.0&amp;apos;, java.version: &amp;apos;21.0.2&amp;apos;
Driver info: org.openqa.selenium.chrome.ChromeDriver
Command: [32e15342c4b3bc50e70d99ab01489783, findElement {value=//*[@id=&amp;quot;kt_table_users&amp;quot;]/tbody/tr[1]/td[8]/div/div/a/span, using=xpath}]
Capabilities {acceptInsecureCerts: false, browserName: chrome, browserVersion: 125.0.6422.61, chrome: {chromedriverVersion: 125.0.6422.60 (3ac3319bff9f..., userDataDir: C:\Users\THIRUM~1\AppData\L...}, fedcm:accounts: true, goog:chromeOptions: {debuggerAddress: localhost:54856}, networkConnectionEnabled: false, pageLoadStrategy: normal, platformName: windows, proxy: Proxy(), se:cdp: ws://localhost:54856/devtoo..., se:cdpVersion: 125.0.6422.61, setWindowRect: true, strictFileInteractability: false, timeouts: {implicit: 0, pageLoad: 300000, script: 30000}, unhandledPromptBehavior: dismiss and notify, webauthn:extension:credBlob: true, webauthn:extension:largeBlob: true, webauthn:extension:minPinLength: true, webauthn:extension:prf: true, webauthn:virtualAuthenticators: true}
Session ID: 32e15342c4b3bc50e70d99ab01489783">
      <![CDATA[org.openqa.selenium.NoSuchElementException: no such element: Unable to locate element: {"method":"xpath","selector":"//*[@id="kt_table_users"]/tbody/tr[1]/td[8]/div/div/a/span"}
  (Session info: chrome=125.0.6422.61)
For documentation on this error, please visit: https://www.selenium.dev/documentation/webdriver/troubleshooting/errors#no-such-element-exception
Build info: version: '4.18.1', revision: 'b1d3319b48'
System info: os.name: 'Windows 11', os.arch: 'amd64', os.version: '10.0', java.version: '21.0.2'
Driver info: org.openqa.selenium.chrome.ChromeDriver
Command: [32e15342c4b3bc50e70d99ab01489783, findElement {value=//*[@id="kt_table_users"]/tbody/tr[1]/td[8]/div/div/a/span, using=xpath}]
Capabilities {acceptInsecureCerts: false, browserName: chrome, browserVersion: 125.0.6422.61, chrome: {chromedriverVersion: 125.0.6422.60 (3ac3319bff9f..., userDataDir: C:\Users\THIRUM~1\AppData\L...}, fedcm:accounts: true, goog:chromeOptions: {debuggerAddress: localhost:54856}, networkConnectionEnabled: false, pageLoadStrategy: normal, platformName: windows, proxy: Proxy(), se:cdp: ws://localhost:54856/devtoo..., se:cdpVersion: 125.0.6422.61, setWindowRect: true, strictFileInteractability: false, timeouts: {implicit: 0, pageLoad: 300000, script: 30000}, unhandledPromptBehavior: dismiss and notify, webauthn:extension:credBlob: true, webauthn:extension:largeBlob: true, webauthn:extension:minPinLength: true, webauthn:extension:prf: true, webauthn:virtualAuthenticators: true}
Session ID: 32e15342c4b3bc50e70d99ab01489783
at org.openqa.selenium.remote.ErrorCodec.decode(ErrorCodec.java:167)
at org.openqa.selenium.remote.codec.w3c.W3CHttpResponseCodec.decode(W3CHttpResponseCodec.java:138)
at org.openqa.selenium.remote.codec.w3c.W3CHttpResponseCodec.decode(W3CHttpResponseCodec.java:50)
at org.openqa.selenium.remote.HttpCommandExecutor.execute(HttpCommandExecutor.java:190)
at org.openqa.selenium.remote.service.DriverCommandExecutor.invokeExecute(DriverCommandExecutor.java:216)
at org.openqa.selenium.remote.service.DriverCommandExecutor.execute(DriverCommandExecutor.java:174)
at org.openqa.selenium.remote.RemoteWebDriver.execute(RemoteWebDriver.java:519)
at org.openqa.selenium.remote.ElementLocation$ElementFinder$2.findElement(ElementLocation.java:165)
at org.openqa.selenium.remote.ElementLocation.findElement(ElementLocation.java:59)
at org.openqa.selenium.remote.RemoteWebDriver.findElement(RemoteWebDriver.java:356)
at org.openqa.selenium.remote.RemoteWebDriver.findElement(RemoteWebDriver.java:350)
at allPages.ViewUser.TC24(ViewUser.java:660)
at java.base/java.util.ArrayList.forEach(ArrayList.java:1596)
... Removed 28 stack frames]]>
    </failure>
  </testcase> <!-- TC24 -->
  <testcase classname="allPages.ViewUser" name="TC25" time="0.23"/>
  <testcase classname="allPages.ViewUser" name="TC26" time="13.419"/>
  <testcase classname="allPages.ViewUser" name="TC27" time="24.091"/>
  <testcase classname="allPages.ViewUser" name="TC29" time="21.785"/>
  <testcase classname="allPages.ViewUser" name="TC30" time="16.252"/>
  <testcase classname="allPages.ViewUser" name="TC31" time="16.434">
    <skipped/>
  </testcase> <!-- TC31 -->
  <testcase classname="allPages.ViewUser" name="TC31" time="68.39">
    <skipped/>
  </testcase> <!-- TC31 -->
  <testcase classname="allPages.ViewUser" name="TC31" time="17.155">
    <skipped/>
  </testcase> <!-- TC31 -->
  <testcase classname="allPages.ViewUser" name="TC31" time="16.646">
    <skipped/>
  </testcase> <!-- TC31 -->
  <testcase classname="allPages.ViewUser" name="TC31" time="17.293">
    <skipped/>
  </testcase> <!-- TC31 -->
  <testcase classname="allPages.ViewUser" name="TC31" time="16.74">
    <failure type="java.lang.IllegalStateException" message="cannot open system clipboard">
      <![CDATA[java.lang.IllegalStateException: cannot open system clipboard
at java.desktop/sun.awt.windows.WClipboard.openClipboard(Native Method)
at java.desktop/sun.awt.windows.WClipboard.setContentsNative(WClipboard.java:75)
at java.desktop/sun.awt.datatransfer.SunClipboard.setContents(SunClipboard.java:105)
at allPages.ViewUser.TC31(ViewUser.java:798)
at java.base/java.util.ArrayList.forEach(ArrayList.java:1596)
... Removed 25 stack frames]]>
    </failure>
  </testcase> <!-- TC31 -->
  <testcase classname="allPages.ViewUser" name="TC32" time="68.848">
    <skipped/>
  </testcase> <!-- TC32 -->
  <testcase classname="allPages.ViewUser" name="TC32" time="16.615">
    <skipped/>
  </testcase> <!-- TC32 -->
  <testcase classname="allPages.ViewUser" name="TC32" time="16.535">
    <skipped/>
  </testcase> <!-- TC32 -->
  <testcase classname="allPages.ViewUser" name="TC32" time="17.852">
    <skipped/>
  </testcase> <!-- TC32 -->
  <testcase classname="allPages.ViewUser" name="TC32" time="16.318">
    <skipped/>
  </testcase> <!-- TC32 -->
  <testcase classname="allPages.ViewUser" name="TC32" time="17.131">
    <failure type="java.lang.IllegalStateException" message="cannot open system clipboard">
      <![CDATA[java.lang.IllegalStateException: cannot open system clipboard
at java.desktop/sun.awt.windows.WClipboard.openClipboard(Native Method)
at java.desktop/sun.awt.windows.WClipboard.setContentsNative(WClipboard.java:75)
at java.desktop/sun.awt.datatransfer.SunClipboard.setContents(SunClipboard.java:105)
at allPages.ViewUser.TC32(ViewUser.java:824)
at java.base/java.util.ArrayList.forEach(ArrayList.java:1596)
... Removed 25 stack frames]]>
    </failure>
  </testcase> <!-- TC32 -->
  <testcase classname="allPages.ViewUser" name="TC33" time="14.334"/>
  <testcase classname="allPages.ViewUser" name="TC34" time="22.743"/>
  <testcase classname="allPages.ViewUser" name="TC35" time="22.927"/>
  <testcase classname="allPages.Login" name="Login_TC1" time="0.275"/>
  <testcase classname="allPages.Login" name="Login_TC2" time="0.211"/>
  <testcase classname="allPages.Login" name="Login_TC3" time="0.262"/>
  <testcase classname="allPages.Login" name="Login_TC4" time="0.267"/>
  <testcase classname="allPages.Login" name="Login_TC5" time="0.254"/>
  <testcase classname="allPages.Login" name="Login_TC6" time="30.534"/>
  <testcase classname="allPages.Login" name="Login_TC7" time="30.501"/>
  <testcase classname="allPages.Login" name="Login_TC9" time="0.247"/>
  <testcase classname="allPages.Login" name="Login_TC10" time="1.232"/>
  <testcase classname="allPages.Login" name="Login_T11" time="16.374"/>
  <testcase classname="allPages.InvestorSetup" name="InvestorBtnClick" time="11.552"/>
  <testcase classname="allPages.InvestorSetup" name="TC01" time="17.729"/>
  <testcase classname="allPages.InvestorSetup" name="TC02" time="18.136"/>
  <testcase classname="allPages.InvestorSetup" name="TC03" time="21.434"/>
  <testcase classname="allPages.InvestorSetup" name="TC04" time="13.232"/>
  <testcase classname="allPages.InvestorSetup" name="TC05" time="19.836"/>
  <testcase classname="allPages.InvestorSetup" name="TC06" time="22.446"/>
  <testcase classname="allPages.InvestorSetup" name="TC07" time="19.31"/>
  <testcase classname="allPages.InvestorSetup" name="TC08" time="18.672"/>
  <testcase classname="allPages.InvestorSetup" name="TC09" time="19.019">
    <skipped/>
  </testcase> <!-- TC09 -->
  <testcase classname="allPages.InvestorSetup" name="TC09" time="18.986">
    <skipped/>
  </testcase> <!-- TC09 -->
  <testcase classname="allPages.InvestorSetup" name="TC09" time="19.105">
    <skipped/>
  </testcase> <!-- TC09 -->
  <testcase classname="allPages.InvestorSetup" name="TC09" time="20.272">
    <skipped/>
  </testcase> <!-- TC09 -->
  <testcase classname="allPages.InvestorSetup" name="TC09" time="20.453">
    <skipped/>
  </testcase> <!-- TC09 -->
  <testcase classname="allPages.InvestorSetup" name="TC09" time="20.62">
    <failure type="java.lang.IllegalStateException" message="cannot open system clipboard">
      <![CDATA[java.lang.IllegalStateException: cannot open system clipboard
at java.desktop/sun.awt.windows.WClipboard.openClipboard(Native Method)
at java.desktop/sun.awt.windows.WClipboard.setContentsNative(WClipboard.java:75)
at java.desktop/sun.awt.datatransfer.SunClipboard.setContents(SunClipboard.java:105)
at allPages.InvestorSetup.TC09(InvestorSetup.java:285)
at java.base/java.util.ArrayList.forEach(ArrayList.java:1596)
... Removed 25 stack frames]]>
    </failure>
  </testcase> <!-- TC09 -->
  <testcase classname="allPages.InvestorSetup" name="TC10" time="20.136">
    <skipped/>
  </testcase> <!-- TC10 -->
  <testcase classname="allPages.InvestorSetup" name="TC10" time="19.029">
    <skipped/>
  </testcase> <!-- TC10 -->
  <testcase classname="allPages.InvestorSetup" name="TC10" time="19.72">
    <skipped/>
  </testcase> <!-- TC10 -->
  <testcase classname="allPages.InvestorSetup" name="TC10" time="19.725">
    <skipped/>
  </testcase> <!-- TC10 -->
  <testcase classname="allPages.InvestorSetup" name="TC10" time="19.065">
    <skipped/>
  </testcase> <!-- TC10 -->
  <testcase classname="allPages.InvestorSetup" name="TC10" time="21.962">
    <failure type="java.lang.IllegalStateException" message="cannot open system clipboard">
      <![CDATA[java.lang.IllegalStateException: cannot open system clipboard
at java.desktop/sun.awt.windows.WClipboard.openClipboard(Native Method)
at java.desktop/sun.awt.windows.WClipboard.setContentsNative(WClipboard.java:75)
at java.desktop/sun.awt.datatransfer.SunClipboard.setContents(SunClipboard.java:105)
at allPages.InvestorSetup.TC10(InvestorSetup.java:337)
at java.base/java.util.ArrayList.forEach(ArrayList.java:1596)
... Removed 25 stack frames]]>
    </failure>
  </testcase> <!-- TC10 -->
  <testcase classname="allPages.InvestorSetup" name="TC11" time="17.417"/>
  <testcase classname="allPages.InvestorSetup" name="TC12" time="18.587"/>
  <testcase classname="allPages.InvestorSetup" name="TC13" time="16.787"/>
  <testcase classname="allPages.InvestorSetup" name="TC14" time="15.873"/>
  <testcase classname="allPages.InvestorSetup" name="TC15" time="23.618"/>
  <testcase classname="allPages.InvestorSetup" name="TC16" time="16.819"/>
  <testcase classname="allPages.InvestorSetup" name="TC17" time="70.682">
    <skipped/>
  </testcase> <!-- TC17 -->
  <testcase classname="allPages.InvestorSetup" name="TC17" time="12.541"/>
  <testcase classname="allPages.InvestorSetup" name="TC19" time="16.622"/>
  <testcase classname="allPages.InvestorSetup" name="TC20" time="14.555"/>
  <testcase classname="allPages.InvestorSetup" name="TC21" time="15.221"/>
  <testcase classname="allPages.InvestorSetup" name="TC22" time="15.533"/>
  <testcase classname="allPages.InvestorSetup" name="TC23" time="18.331"/>
  <testcase classname="allPages.InvestorSetup" name="TC24" time="19.322"/>
  <testcase classname="allPages.InvestorSetup" name="TC25" time="22.481"/>
  <testcase classname="allPages.InvestorSetup" name="TC26" time="15.041"/>
  <testcase classname="allPages.InvestorSetup" name="TC27" time="15.69"/>
  <testcase classname="allPages.InvestorSetup" name="TC28" time="18.281"/>
  <testcase classname="allPages.InvestorSetup" name="TC29" time="19.132">
    <skipped/>
  </testcase> <!-- TC29 -->
  <testcase classname="allPages.InvestorSetup" name="TC29" time="19.394">
    <skipped/>
  </testcase> <!-- TC29 -->
  <testcase classname="allPages.InvestorSetup" name="TC29" time="18.844">
    <skipped/>
  </testcase> <!-- TC29 -->
  <testcase classname="allPages.InvestorSetup" name="TC29" time="22.268">
    <skipped/>
  </testcase> <!-- TC29 -->
  <testcase classname="allPages.InvestorSetup" name="TC29" time="18.87">
    <skipped/>
  </testcase> <!-- TC29 -->
  <testcase classname="allPages.InvestorSetup" name="TC29" time="19.549">
    <failure type="java.lang.IllegalStateException" message="cannot open system clipboard">
      <![CDATA[java.lang.IllegalStateException: cannot open system clipboard
at java.desktop/sun.awt.windows.WClipboard.openClipboard(Native Method)
at java.desktop/sun.awt.windows.WClipboard.setContentsNative(WClipboard.java:75)
at java.desktop/sun.awt.datatransfer.SunClipboard.setContents(SunClipboard.java:105)
at allPages.InvestorSetup.TC29(InvestorSetup.java:705)
at java.base/java.util.ArrayList.forEach(ArrayList.java:1596)
... Removed 25 stack frames]]>
    </failure>
  </testcase> <!-- TC29 -->
  <testcase classname="allPages.InvestorSetup" name="TC30" time="17.746"/>
  <testcase classname="allPages.InvestorSetup" name="TC31" time="19.414"/>
  <testcase classname="allPages.InvestorSetup" name="TC32" time="14.93"/>
  <testcase classname="allPages.InvestorSetup" name="TC33" time="18.893"/>
  <testcase classname="allPages.InvestorSetup" name="TC34" time="18.697"/>
  <testcase classname="allPages.ViewUser" name="TC23" time="0.0">
    <ignored/>
  </testcase> <!-- TC23 -->
  <testcase classname="allPages.Login" name="Login_TC8" time="0.0">
    <ignored/>
  </testcase> <!-- Login_TC8 -->
  <testcase classname="allPages.InstallerSetup" name="TC24" time="0.0">
    <ignored/>
  </testcase> <!-- TC24 -->
</testsuite> <!-- Test -->
