<?xml version="1.0" encoding="UTF-8"?>
<!-- Generated by org.testng.reporters.JUnitXMLReporter -->
<testsuite ignored="4" hostname="SSSLT025" failures="60" tests="439" name="Test" time="119946.182" errors="0" timestamp="2024-05-06T04:01:48 IST">
  <testcase classname="allPages.InvoicePayAndCreate" name="@BeforeMethod setUp" time="0.468">
    <failure type="io.github.bonigarcia.wdm.config.WebDriverManagerException" message="java.net.UnknownHostException: googlechromelabs.github.io">
      <![CDATA[io.github.bonigarcia.wdm.config.WebDriverManagerException: java.net.UnknownHostException: googlechromelabs.github.io
at io.github.bonigarcia.wdm.WebDriverManager.handleException(WebDriverManager.java:1414)
at io.github.bonigarcia.wdm.WebDriverManager.manage(WebDriverManager.java:1189)
at io.github.bonigarcia.wdm.WebDriverManager.fallback(WebDriverManager.java:1430)
at io.github.bonigarcia.wdm.WebDriverManager.handleException(WebDriverManager.java:1408)
at io.github.bonigarcia.wdm.WebDriverManager.manage(WebDriverManager.java:1189)
at io.github.bonigarcia.wdm.WebDriverManager.setup(WebDriverManager.java:426)
at allPages.InvoicePayAndCreate.setUp(InvoicePayAndCreate.java:38)
at java.base/java.util.ArrayList.forEach(ArrayList.java:1596)
Caused by: java.net.UnknownHostException: googlechromelabs.github.io
at java.base/java.net.InetAddress$CachedLookup.get(InetAddress.java:988)
at java.base/java.net.InetAddress.getAllByName0(InetAddress.java:1818)
at java.base/java.net.InetAddress.getAllByName(InetAddress.java:1688)
at org.apache.hc.client5.http.SystemDefaultDnsResolver.resolve(SystemDefaultDnsResolver.java:43)
at org.apache.hc.client5.http.impl.io.DefaultHttpClientConnectionOperator.connect(DefaultHttpClientConnectionOperator.java:141)
at org.apache.hc.client5.http.impl.io.PoolingHttpClientConnectionManager.connect(PoolingHttpClientConnectionManager.java:447)
at org.apache.hc.client5.http.impl.classic.InternalExecRuntime.connectEndpoint(InternalExecRuntime.java:162)
at org.apache.hc.client5.http.impl.classic.InternalExecRuntime.connectEndpoint(InternalExecRuntime.java:172)
at org.apache.hc.client5.http.impl.classic.ConnectExec.execute(ConnectExec.java:142)
at org.apache.hc.client5.http.impl.classic.ExecChainElement.execute(ExecChainElement.java:51)
at org.apache.hc.client5.http.impl.classic.ProtocolExec.execute(ProtocolExec.java:192)
at org.apache.hc.client5.http.impl.classic.ExecChainElement.execute(ExecChainElement.java:51)
at org.apache.hc.client5.http.impl.classic.HttpRequestRetryExec.execute(HttpRequestRetryExec.java:96)
at org.apache.hc.client5.http.impl.classic.ExecChainElement.execute(ExecChainElement.java:51)
at org.apache.hc.client5.http.impl.classic.ContentCompressionExec.execute(ContentCompressionExec.java:152)
at org.apache.hc.client5.http.impl.classic.ExecChainElement.execute(ExecChainElement.java:51)
at org.apache.hc.client5.http.impl.classic.RedirectExec.execute(RedirectExec.java:115)
at org.apache.hc.client5.http.impl.classic.ExecChainElement.execute(ExecChainElement.java:51)
at org.apache.hc.client5.http.impl.classic.InternalHttpClient.doExecute(InternalHttpClient.java:170)
at org.apache.hc.client5.http.impl.classic.CloseableHttpClient.execute(CloseableHttpClient.java:87)
at org.apache.hc.client5.http.impl.classic.CloseableHttpClient.execute(CloseableHttpClient.java:55)
at org.apache.hc.client5.http.classic.HttpClient.executeOpen(HttpClient.java:183)
at io.github.bonigarcia.wdm.online.HttpClient.execute(HttpClient.java:157)
at io.github.bonigarcia.wdm.online.Parser.parseJson(Parser.java:54)
at io.github.bonigarcia.wdm.managers.ChromeDriverManager.getDriverUrls(ChromeDriverManager.java:119)
at io.github.bonigarcia.wdm.WebDriverManager.createUrlHandler(WebDriverManager.java:1435)
at io.github.bonigarcia.wdm.WebDriverManager.download(WebDriverManager.java:1267)
at io.github.bonigarcia.wdm.WebDriverManager.manage(WebDriverManager.java:1183)
... 35 more
... Removed 29 stack frames]]>
    </failure>
  </testcase> <!-- @BeforeMethod setUp -->
  <testcase classname="allPages.InvoicePayAndCreate" name="@AfterMethod tearDown" time="0.0">
    <skipped/>
  </testcase> <!-- @AfterMethod tearDown -->
  <testcase classname="org.utility.BaseClass" name="@BeforeMethod launch" time="0.0">
    <skipped/>
  </testcase> <!-- @BeforeMethod launch -->
  <testcase classname="allPages.InvoicePayAndCreate" name="@BeforeMethod setUp" time="0.0">
    <skipped/>
  </testcase> <!-- @BeforeMethod setUp -->
  <testcase classname="allPages.InvoicePayAndCreate" name="@AfterMethod tearDown" time="0.0">
    <skipped/>
  </testcase> <!-- @AfterMethod tearDown -->
  <testcase classname="org.utility.BaseClass" name="@BeforeMethod launch" time="0.0">
    <skipped/>
  </testcase> <!-- @BeforeMethod launch -->
  <testcase classname="allPages.InvoicePayAndCreate" name="@BeforeMethod setUp" time="0.0">
    <skipped/>
  </testcase> <!-- @BeforeMethod setUp -->
  <testcase classname="allPages.InvoicePayAndCreate" name="@AfterMethod tearDown" time="0.0">
    <skipped/>
  </testcase> <!-- @AfterMethod tearDown -->
  <testcase classname="org.utility.BaseClass" name="@BeforeMethod launch" time="0.0">
    <skipped/>
  </testcase> <!-- @BeforeMethod launch -->
  <testcase classname="allPages.InvoicePayAndCreate" name="@BeforeMethod setUp" time="0.0">
    <skipped/>
  </testcase> <!-- @BeforeMethod setUp -->
  <testcase classname="allPages.InvoicePayAndCreate" name="@AfterMethod tearDown" time="0.0">
    <skipped/>
  </testcase> <!-- @AfterMethod tearDown -->
  <testcase classname="org.utility.BaseClass" name="@BeforeMethod launch" time="0.0">
    <skipped/>
  </testcase> <!-- @BeforeMethod launch -->
  <testcase classname="allPages.InvoicePayAndCreate" name="@BeforeMethod setUp" time="0.0">
    <skipped/>
  </testcase> <!-- @BeforeMethod setUp -->
  <testcase classname="allPages.InvoicePayAndCreate" name="@AfterMethod tearDown" time="0.0">
    <skipped/>
  </testcase> <!-- @AfterMethod tearDown -->
  <testcase classname="org.utility.BaseClass" name="@BeforeMethod launch" time="0.0">
    <skipped/>
  </testcase> <!-- @BeforeMethod launch -->
  <testcase classname="allPages.InvoicePayAndCreate" name="@BeforeMethod setUp" time="0.0">
    <skipped/>
  </testcase> <!-- @BeforeMethod setUp -->
  <testcase classname="allPages.InvoicePayAndCreate" name="@AfterMethod tearDown" time="0.0">
    <skipped/>
  </testcase> <!-- @AfterMethod tearDown -->
  <testcase classname="org.utility.BaseClass" name="@BeforeMethod launch" time="0.0">
    <skipped/>
  </testcase> <!-- @BeforeMethod launch -->
  <testcase classname="allPages.InvoicePayAndCreate" name="@BeforeMethod setUp" time="0.0">
    <skipped/>
  </testcase> <!-- @BeforeMethod setUp -->
  <testcase classname="allPages.InvoicePayAndCreate" name="@AfterMethod tearDown" time="0.0">
    <skipped/>
  </testcase> <!-- @AfterMethod tearDown -->
  <testcase classname="org.utility.BaseClass" name="@BeforeMethod launch" time="0.0">
    <skipped/>
  </testcase> <!-- @BeforeMethod launch -->
  <testcase classname="allPages.InvoicePayAndCreate" name="@BeforeMethod setUp" time="0.0">
    <skipped/>
  </testcase> <!-- @BeforeMethod setUp -->
  <testcase classname="allPages.InvoicePayAndCreate" name="@AfterMethod tearDown" time="0.0">
    <skipped/>
  </testcase> <!-- @AfterMethod tearDown -->
  <testcase classname="org.utility.BaseClass" name="@BeforeMethod launch" time="0.0">
    <skipped/>
  </testcase> <!-- @BeforeMethod launch -->
  <testcase classname="allPages.InvoicePayAndCreate" name="@BeforeMethod setUp" time="0.0">
    <skipped/>
  </testcase> <!-- @BeforeMethod setUp -->
  <testcase classname="allPages.InvoicePayAndCreate" name="@AfterMethod tearDown" time="0.0">
    <skipped/>
  </testcase> <!-- @AfterMethod tearDown -->
  <testcase classname="org.utility.BaseClass" name="@BeforeMethod launch" time="0.0">
    <skipped/>
  </testcase> <!-- @BeforeMethod launch -->
  <testcase classname="allPages.InvoicePayAndCreate" name="@BeforeMethod setUp" time="0.0">
    <skipped/>
  </testcase> <!-- @BeforeMethod setUp -->
  <testcase classname="allPages.InvoicePayAndCreate" name="@AfterMethod tearDown" time="0.0">
    <skipped/>
  </testcase> <!-- @AfterMethod tearDown -->
  <testcase classname="org.utility.BaseClass" name="@BeforeMethod launch" time="0.0">
    <skipped/>
  </testcase> <!-- @BeforeMethod launch -->
  <testcase classname="allPages.InvoicePayAndCreate" name="@BeforeMethod setUp" time="0.0">
    <skipped/>
  </testcase> <!-- @BeforeMethod setUp -->
  <testcase classname="allPages.InvoicePayAndCreate" name="@AfterMethod tearDown" time="0.0">
    <skipped/>
  </testcase> <!-- @AfterMethod tearDown -->
  <testcase classname="org.utility.BaseClass" name="@BeforeMethod launch" time="0.0">
    <skipped/>
  </testcase> <!-- @BeforeMethod launch -->
  <testcase classname="allPages.InvoicePayAndCreate" name="@BeforeMethod setUp" time="0.0">
    <skipped/>
  </testcase> <!-- @BeforeMethod setUp -->
  <testcase classname="allPages.InvoicePayAndCreate" name="@AfterMethod tearDown" time="0.0">
    <skipped/>
  </testcase> <!-- @AfterMethod tearDown -->
  <testcase classname="org.utility.BaseClass" name="@BeforeMethod launch" time="0.0">
    <skipped/>
  </testcase> <!-- @BeforeMethod launch -->
  <testcase classname="allPages.InvoicePayAndCreate" name="@BeforeMethod setUp" time="0.0">
    <skipped/>
  </testcase> <!-- @BeforeMethod setUp -->
  <testcase classname="allPages.InvoicePayAndCreate" name="@AfterMethod tearDown" time="0.0">
    <skipped/>
  </testcase> <!-- @AfterMethod tearDown -->
  <testcase classname="org.utility.BaseClass" name="@BeforeMethod launch" time="0.0">
    <skipped/>
  </testcase> <!-- @BeforeMethod launch -->
  <testcase classname="allPages.InvoicePayAndCreate" name="@BeforeMethod setUp" time="0.0">
    <skipped/>
  </testcase> <!-- @BeforeMethod setUp -->
  <testcase classname="allPages.InvoicePayAndCreate" name="@AfterMethod tearDown" time="0.0">
    <skipped/>
  </testcase> <!-- @AfterMethod tearDown -->
  <testcase classname="org.utility.BaseClass" name="@BeforeMethod launch" time="0.0">
    <skipped/>
  </testcase> <!-- @BeforeMethod launch -->
  <testcase classname="allPages.InvoicePayAndCreate" name="@BeforeMethod setUp" time="0.0">
    <skipped/>
  </testcase> <!-- @BeforeMethod setUp -->
  <testcase classname="allPages.InvoicePayAndCreate" name="@AfterMethod tearDown" time="0.0">
    <skipped/>
  </testcase> <!-- @AfterMethod tearDown -->
  <testcase classname="org.utility.BaseClass" name="@BeforeMethod launch" time="0.0">
    <skipped/>
  </testcase> <!-- @BeforeMethod launch -->
  <testcase classname="allPages.InvoicePayAndCreate" name="@BeforeMethod setUp" time="0.0">
    <skipped/>
  </testcase> <!-- @BeforeMethod setUp -->
  <testcase classname="allPages.InvoicePayAndCreate" name="@AfterMethod tearDown" time="0.0">
    <skipped/>
  </testcase> <!-- @AfterMethod tearDown -->
  <testcase classname="org.utility.BaseClass" name="@BeforeMethod launch" time="0.0">
    <skipped/>
  </testcase> <!-- @BeforeMethod launch -->
  <testcase classname="allPages.InvoicePayAndCreate" name="@BeforeMethod setUp" time="0.0">
    <skipped/>
  </testcase> <!-- @BeforeMethod setUp -->
  <testcase classname="allPages.InvoicePayAndCreate" name="@AfterMethod tearDown" time="0.0">
    <skipped/>
  </testcase> <!-- @AfterMethod tearDown -->
  <testcase classname="org.utility.BaseClass" name="@BeforeMethod launch" time="0.0">
    <skipped/>
  </testcase> <!-- @BeforeMethod launch -->
  <testcase classname="allPages.InvoicePayAndCreate" name="@BeforeMethod setUp" time="0.0">
    <skipped/>
  </testcase> <!-- @BeforeMethod setUp -->
  <testcase classname="allPages.InvoicePayAndCreate" name="@AfterMethod tearDown" time="0.0">
    <skipped/>
  </testcase> <!-- @AfterMethod tearDown -->
  <testcase classname="org.utility.BaseClass" name="@BeforeMethod launch" time="0.0">
    <skipped/>
  </testcase> <!-- @BeforeMethod launch -->
  <testcase classname="allPages.InvoicePayAndCreate" name="@BeforeMethod setUp" time="0.0">
    <skipped/>
  </testcase> <!-- @BeforeMethod setUp -->
  <testcase classname="allPages.InvoicePayAndCreate" name="@AfterMethod tearDown" time="0.0">
    <skipped/>
  </testcase> <!-- @AfterMethod tearDown -->
  <testcase classname="org.utility.BaseClass" name="@BeforeMethod launch" time="0.0">
    <skipped/>
  </testcase> <!-- @BeforeMethod launch -->
  <testcase classname="allPages.InvoicePayAndCreate" name="@BeforeMethod setUp" time="0.0">
    <skipped/>
  </testcase> <!-- @BeforeMethod setUp -->
  <testcase classname="allPages.InvoicePayAndCreate" name="@AfterMethod tearDown" time="0.0">
    <skipped/>
  </testcase> <!-- @AfterMethod tearDown -->
  <testcase classname="org.utility.BaseClass" name="@BeforeMethod launch" time="0.0">
    <skipped/>
  </testcase> <!-- @BeforeMethod launch -->
  <testcase classname="allPages.InvoicePayAndCreate" name="@BeforeMethod setUp" time="0.0">
    <skipped/>
  </testcase> <!-- @BeforeMethod setUp -->
  <testcase classname="allPages.InvoicePayAndCreate" name="@AfterMethod tearDown" time="0.0">
    <skipped/>
  </testcase> <!-- @AfterMethod tearDown -->
  <testcase classname="org.utility.BaseClass" name="@BeforeMethod launch" time="0.0">
    <skipped/>
  </testcase> <!-- @BeforeMethod launch -->
  <testcase classname="allPages.InvoicePayAndCreate" name="@BeforeMethod setUp" time="0.0">
    <skipped/>
  </testcase> <!-- @BeforeMethod setUp -->
  <testcase classname="allPages.InvoicePayAndCreate" name="@AfterMethod tearDown" time="0.0">
    <skipped/>
  </testcase> <!-- @AfterMethod tearDown -->
  <testcase classname="org.utility.BaseClass" name="@BeforeMethod launch" time="0.0">
    <skipped/>
  </testcase> <!-- @BeforeMethod launch -->
  <testcase classname="allPages.InvoicePayAndCreate" name="@BeforeMethod setUp" time="0.0">
    <skipped/>
  </testcase> <!-- @BeforeMethod setUp -->
  <testcase classname="allPages.InvoicePayAndCreate" name="@AfterMethod tearDown" time="0.0">
    <skipped/>
  </testcase> <!-- @AfterMethod tearDown -->
  <testcase classname="org.utility.BaseClass" name="@BeforeMethod launch" time="0.0">
    <skipped/>
  </testcase> <!-- @BeforeMethod launch -->
  <testcase classname="allPages.InvoicePayAndCreate" name="@BeforeMethod setUp" time="0.0">
    <skipped/>
  </testcase> <!-- @BeforeMethod setUp -->
  <testcase classname="allPages.InvoicePayAndCreate" name="@AfterMethod tearDown" time="0.0">
    <skipped/>
  </testcase> <!-- @AfterMethod tearDown -->
  <testcase classname="org.utility.BaseClass" name="@BeforeMethod launch" time="0.0">
    <skipped/>
  </testcase> <!-- @BeforeMethod launch -->
  <testcase classname="allPages.InvoicePayAndCreate" name="@BeforeMethod setUp" time="0.0">
    <skipped/>
  </testcase> <!-- @BeforeMethod setUp -->
  <testcase classname="allPages.InvoicePayAndCreate" name="@AfterMethod tearDown" time="0.0">
    <skipped/>
  </testcase> <!-- @AfterMethod tearDown -->
  <testcase classname="org.utility.BaseClass" name="@BeforeMethod launch" time="0.0">
    <skipped/>
  </testcase> <!-- @BeforeMethod launch -->
  <testcase classname="allPages.InvoicePayAndCreate" name="@BeforeMethod setUp" time="0.0">
    <skipped/>
  </testcase> <!-- @BeforeMethod setUp -->
  <testcase classname="allPages.InvoicePayAndCreate" name="@AfterMethod tearDown" time="0.0">
    <skipped/>
  </testcase> <!-- @AfterMethod tearDown -->
  <testcase classname="org.utility.BaseClass" name="@BeforeMethod launch" time="0.0">
    <skipped/>
  </testcase> <!-- @BeforeMethod launch -->
  <testcase classname="allPages.InvoicePayAndCreate" name="@BeforeMethod setUp" time="0.0">
    <skipped/>
  </testcase> <!-- @BeforeMethod setUp -->
  <testcase classname="allPages.InvoicePayAndCreate" name="@AfterMethod tearDown" time="0.0">
    <skipped/>
  </testcase> <!-- @AfterMethod tearDown -->
  <testcase classname="org.utility.BaseClass" name="@BeforeMethod launch" time="0.0">
    <skipped/>
  </testcase> <!-- @BeforeMethod launch -->
  <testcase classname="allPages.InvoicePayAndCreate" name="@BeforeMethod setUp" time="0.0">
    <skipped/>
  </testcase> <!-- @BeforeMethod setUp -->
  <testcase classname="allPages.InvoicePayAndCreate" name="@AfterMethod tearDown" time="0.0">
    <skipped/>
  </testcase> <!-- @AfterMethod tearDown -->
  <testcase classname="org.utility.BaseClass" name="@BeforeMethod launch" time="0.0">
    <skipped/>
  </testcase> <!-- @BeforeMethod launch -->
  <testcase classname="allPages.InvoicePayAndCreate" name="@BeforeMethod setUp" time="0.0">
    <skipped/>
  </testcase> <!-- @BeforeMethod setUp -->
  <testcase classname="allPages.InvoicePayAndCreate" name="@AfterMethod tearDown" time="0.0">
    <skipped/>
  </testcase> <!-- @AfterMethod tearDown -->
  <testcase classname="org.utility.BaseClass" name="@BeforeMethod launch" time="0.0">
    <skipped/>
  </testcase> <!-- @BeforeMethod launch -->
  <testcase classname="allPages.InvoicePayAndCreate" name="@BeforeMethod setUp" time="0.0">
    <skipped/>
  </testcase> <!-- @BeforeMethod setUp -->
  <testcase classname="allPages.InvoicePayAndCreate" name="@AfterMethod tearDown" time="0.0">
    <skipped/>
  </testcase> <!-- @AfterMethod tearDown -->
  <testcase classname="org.utility.BaseClass" name="@BeforeMethod launch" time="0.0">
    <skipped/>
  </testcase> <!-- @BeforeMethod launch -->
  <testcase classname="allPages.InvoicePayAndCreate" name="@BeforeMethod setUp" time="0.0">
    <skipped/>
  </testcase> <!-- @BeforeMethod setUp -->
  <testcase classname="allPages.InvoicePayAndCreate" name="@AfterMethod tearDown" time="0.0">
    <skipped/>
  </testcase> <!-- @AfterMethod tearDown -->
  <testcase classname="org.utility.BaseClass" name="@BeforeMethod launch" time="0.0">
    <skipped/>
  </testcase> <!-- @BeforeMethod launch -->
  <testcase classname="allPages.InvoicePayAndCreate" name="@BeforeMethod setUp" time="0.0">
    <skipped/>
  </testcase> <!-- @BeforeMethod setUp -->
  <testcase classname="allPages.InvoicePayAndCreate" name="@AfterMethod tearDown" time="0.0">
    <skipped/>
  </testcase> <!-- @AfterMethod tearDown -->
  <testcase classname="org.utility.BaseClass" name="@BeforeMethod launch" time="0.0">
    <skipped/>
  </testcase> <!-- @BeforeMethod launch -->
  <testcase classname="allPages.InvoicePayAndCreate" name="@BeforeMethod setUp" time="0.0">
    <skipped/>
  </testcase> <!-- @BeforeMethod setUp -->
  <testcase classname="allPages.InvoicePayAndCreate" name="@AfterMethod tearDown" time="0.0">
    <skipped/>
  </testcase> <!-- @AfterMethod tearDown -->
  <testcase classname="org.utility.BaseClass" name="@BeforeMethod launch" time="0.0">
    <skipped/>
  </testcase> <!-- @BeforeMethod launch -->
  <testcase classname="allPages.InvoicePayAndCreate" name="@BeforeMethod setUp" time="0.0">
    <skipped/>
  </testcase> <!-- @BeforeMethod setUp -->
  <testcase classname="allPages.InvoicePayAndCreate" name="@AfterMethod tearDown" time="0.0">
    <skipped/>
  </testcase> <!-- @AfterMethod tearDown -->
  <testcase classname="org.utility.BaseClass" name="@BeforeMethod launch" time="0.0">
    <skipped/>
  </testcase> <!-- @BeforeMethod launch -->
  <testcase classname="allPages.InvoicePayAndCreate" name="@BeforeMethod setUp" time="0.0">
    <skipped/>
  </testcase> <!-- @BeforeMethod setUp -->
  <testcase classname="allPages.InvoicePayAndCreate" name="@AfterMethod tearDown" time="0.0">
    <skipped/>
  </testcase> <!-- @AfterMethod tearDown -->
  <testcase classname="org.utility.BaseClass" name="@BeforeMethod launch" time="0.0">
    <skipped/>
  </testcase> <!-- @BeforeMethod launch -->
  <testcase classname="allPages.InvoicePayAndCreate" name="@BeforeMethod setUp" time="0.0">
    <skipped/>
  </testcase> <!-- @BeforeMethod setUp -->
  <testcase classname="allPages.InvoicePayAndCreate" name="@AfterMethod tearDown" time="0.0">
    <skipped/>
  </testcase> <!-- @AfterMethod tearDown -->
  <testcase classname="org.utility.BaseClass" name="@BeforeMethod launch" time="0.0">
    <skipped/>
  </testcase> <!-- @BeforeMethod launch -->
  <testcase classname="allPages.InvoicePayAndCreate" name="@BeforeMethod setUp" time="0.0">
    <skipped/>
  </testcase> <!-- @BeforeMethod setUp -->
  <testcase classname="allPages.InvoicePayAndCreate" name="@AfterMethod tearDown" time="0.0">
    <skipped/>
  </testcase> <!-- @AfterMethod tearDown -->
  <testcase classname="allPages.Login" name="Login_TC1" time="0.655"/>
  <testcase classname="allPages.Login" name="Login_TC2" time="0.577"/>
  <testcase classname="allPages.Login" name="Login_TC3" time="0.73"/>
  <testcase classname="allPages.Login" name="Login_TC4" time="0.523"/>
  <testcase classname="allPages.Login" name="Login_TC5" time="0.536"/>
  <testcase classname="allPages.Login" name="Login_TC6" time="30.759"/>
  <testcase classname="allPages.Login" name="Login_TC7" time="21.531">
    <skipped/>
  </testcase> <!-- Login_TC7 -->
  <testcase classname="allPages.Login" name="Login_TC7" time="30.554"/>
  <testcase classname="allPages.Login" name="Login_TC9" time="0.242"/>
  <testcase classname="allPages.Login" name="Login_TC10" time="1.261"/>
  <testcase classname="allPages.Login" name="Login_T11" time="14.723"/>
  <testcase classname="allPages.ViewUser" name="ViewUsersClick" time="6.374"/>
  <testcase classname="allPages.ViewUser" name="TC01" time="8.488"/>
  <testcase classname="allPages.ViewUser" name="TC02" time="14.674"/>
  <testcase classname="allPages.ViewUser" name="TC03" time="20.76"/>
  <testcase classname="allPages.ViewUser" name="TC04" time="10.613"/>
  <testcase classname="allPages.ViewUser" name="TC05" time="17.373"/>
  <testcase classname="allPages.ViewUser" name="TC06" time="17.383"/>
  <testcase classname="allPages.ViewUser" name="TC07" time="78.064">
    <skipped/>
  </testcase> <!-- TC07 -->
  <testcase classname="allPages.ViewUser" name="TC07" time="67.847">
    <failure type="org.openqa.selenium.ElementNotInteractableException" message="element not interactable
  (Session info: chrome=124.0.6367.91)
Build info: version: &amp;apos;4.18.1&amp;apos;, revision: &amp;apos;b1d3319b48&amp;apos;
System info: os.name: &amp;apos;Windows 11&amp;apos;, os.arch: &amp;apos;amd64&amp;apos;, os.version: &amp;apos;10.0&amp;apos;, java.version: &amp;apos;21.0.2&amp;apos;
Driver info: org.openqa.selenium.chrome.ChromeDriver
Command: [4bf0fd0dd59d7c1c8921dd8b98d9f771, clickElement {id=f.23EB7E921F95F39771ACBD4B5341800B.d.E3E88337DB8AD0AEFFBFB6D7AAB13455.e.67}]
Capabilities {acceptInsecureCerts: false, browserName: chrome, browserVersion: 124.0.6367.91, chrome: {chromedriverVersion: 124.0.6367.91 (51df0e5e17a8..., userDataDir: C:\Users\THIRUM~1\AppData\L...}, fedcm:accounts: true, goog:chromeOptions: {debuggerAddress: localhost:53342}, networkConnectionEnabled: false, pageLoadStrategy: normal, platformName: windows, proxy: Proxy(), se:cdp: ws://localhost:53342/devtoo..., se:cdpVersion: 124.0.6367.91, setWindowRect: true, strictFileInteractability: false, timeouts: {implicit: 0, pageLoad: 300000, script: 30000}, unhandledPromptBehavior: dismiss and notify, webauthn:extension:credBlob: true, webauthn:extension:largeBlob: true, webauthn:extension:minPinLength: true, webauthn:extension:prf: true, webauthn:virtualAuthenticators: true}
Element: [[ChromeDriver: chrome on windows (4bf0fd0dd59d7c1c8921dd8b98d9f771)] -&amp;gt; xpath: //*[@id=&amp;quot;#kt_aside_menu&amp;quot;]/div[7]/div/div[1]/a/span[2]]
Session ID: 4bf0fd0dd59d7c1c8921dd8b98d9f771">
      <![CDATA[org.openqa.selenium.ElementNotInteractableException: element not interactable
  (Session info: chrome=124.0.6367.91)
Build info: version: '4.18.1', revision: 'b1d3319b48'
System info: os.name: 'Windows 11', os.arch: 'amd64', os.version: '10.0', java.version: '21.0.2'
Driver info: org.openqa.selenium.chrome.ChromeDriver
Command: [4bf0fd0dd59d7c1c8921dd8b98d9f771, clickElement {id=f.23EB7E921F95F39771ACBD4B5341800B.d.E3E88337DB8AD0AEFFBFB6D7AAB13455.e.67}]
Capabilities {acceptInsecureCerts: false, browserName: chrome, browserVersion: 124.0.6367.91, chrome: {chromedriverVersion: 124.0.6367.91 (51df0e5e17a8..., userDataDir: C:\Users\THIRUM~1\AppData\L...}, fedcm:accounts: true, goog:chromeOptions: {debuggerAddress: localhost:53342}, networkConnectionEnabled: false, pageLoadStrategy: normal, platformName: windows, proxy: Proxy(), se:cdp: ws://localhost:53342/devtoo..., se:cdpVersion: 124.0.6367.91, setWindowRect: true, strictFileInteractability: false, timeouts: {implicit: 0, pageLoad: 300000, script: 30000}, unhandledPromptBehavior: dismiss and notify, webauthn:extension:credBlob: true, webauthn:extension:largeBlob: true, webauthn:extension:minPinLength: true, webauthn:extension:prf: true, webauthn:virtualAuthenticators: true}
Element: [[ChromeDriver: chrome on windows (4bf0fd0dd59d7c1c8921dd8b98d9f771)] -> xpath: //*[@id="#kt_aside_menu"]/div[7]/div/div[1]/a/span[2]]
Session ID: 4bf0fd0dd59d7c1c8921dd8b98d9f771
at org.openqa.selenium.remote.ErrorCodec.decode(ErrorCodec.java:167)
at org.openqa.selenium.remote.codec.w3c.W3CHttpResponseCodec.decode(W3CHttpResponseCodec.java:138)
at org.openqa.selenium.remote.codec.w3c.W3CHttpResponseCodec.decode(W3CHttpResponseCodec.java:50)
at org.openqa.selenium.remote.HttpCommandExecutor.execute(HttpCommandExecutor.java:190)
at org.openqa.selenium.remote.service.DriverCommandExecutor.invokeExecute(DriverCommandExecutor.java:216)
at org.openqa.selenium.remote.service.DriverCommandExecutor.execute(DriverCommandExecutor.java:174)
at org.openqa.selenium.remote.RemoteWebDriver.execute(RemoteWebDriver.java:519)
at org.openqa.selenium.remote.RemoteWebElement.execute(RemoteWebElement.java:223)
at org.openqa.selenium.remote.RemoteWebElement.click(RemoteWebElement.java:76)
at allPages.ViewUser.ViewUsersClick(ViewUser.java:79)
at allPages.ViewUser.TC07(ViewUser.java:256)
at java.base/java.util.ArrayList.forEach(ArrayList.java:1596)
... Removed 28 stack frames]]>
    </failure>
  </testcase> <!-- TC07 -->
  <testcase classname="allPages.ViewUser" name="TC36" time="70.563">
    <skipped/>
  </testcase> <!-- TC36 -->
  <testcase classname="allPages.ViewUser" name="TC36" time="70.564">
    <failure type="org.openqa.selenium.NoSuchElementException" message="no such element: Unable to locate element: {&amp;quot;method&amp;quot;:&amp;quot;xpath&amp;quot;,&amp;quot;selector&amp;quot;:&amp;quot;//*[@id=&amp;quot;kt_table_users&amp;quot;]/tbody/tr[1]/td[8]/div/div/a/span&amp;quot;}
  (Session info: chrome=124.0.6367.91)
For documentation on this error, please visit: https://www.selenium.dev/documentation/webdriver/troubleshooting/errors#no-such-element-exception
Build info: version: &amp;apos;4.18.1&amp;apos;, revision: &amp;apos;b1d3319b48&amp;apos;
System info: os.name: &amp;apos;Windows 11&amp;apos;, os.arch: &amp;apos;amd64&amp;apos;, os.version: &amp;apos;10.0&amp;apos;, java.version: &amp;apos;21.0.2&amp;apos;
Driver info: org.openqa.selenium.chrome.ChromeDriver
Command: [223c450665567cbac4e473b7d1cfa91b, findElement {using=xpath, value=//*[@id=&amp;quot;kt_table_users&amp;quot;]/tbody/tr[1]/td[8]/div/div/a/span}]
Capabilities {acceptInsecureCerts: false, browserName: chrome, browserVersion: 124.0.6367.91, chrome: {chromedriverVersion: 124.0.6367.91 (51df0e5e17a8..., userDataDir: C:\Users\THIRUM~1\AppData\L...}, fedcm:accounts: true, goog:chromeOptions: {debuggerAddress: localhost:53435}, networkConnectionEnabled: false, pageLoadStrategy: normal, platformName: windows, proxy: Proxy(), se:cdp: ws://localhost:53435/devtoo..., se:cdpVersion: 124.0.6367.91, setWindowRect: true, strictFileInteractability: false, timeouts: {implicit: 0, pageLoad: 300000, script: 30000}, unhandledPromptBehavior: dismiss and notify, webauthn:extension:credBlob: true, webauthn:extension:largeBlob: true, webauthn:extension:minPinLength: true, webauthn:extension:prf: true, webauthn:virtualAuthenticators: true}
Session ID: 223c450665567cbac4e473b7d1cfa91b">
      <![CDATA[org.openqa.selenium.NoSuchElementException: no such element: Unable to locate element: {"method":"xpath","selector":"//*[@id="kt_table_users"]/tbody/tr[1]/td[8]/div/div/a/span"}
  (Session info: chrome=124.0.6367.91)
For documentation on this error, please visit: https://www.selenium.dev/documentation/webdriver/troubleshooting/errors#no-such-element-exception
Build info: version: '4.18.1', revision: 'b1d3319b48'
System info: os.name: 'Windows 11', os.arch: 'amd64', os.version: '10.0', java.version: '21.0.2'
Driver info: org.openqa.selenium.chrome.ChromeDriver
Command: [223c450665567cbac4e473b7d1cfa91b, findElement {using=xpath, value=//*[@id="kt_table_users"]/tbody/tr[1]/td[8]/div/div/a/span}]
Capabilities {acceptInsecureCerts: false, browserName: chrome, browserVersion: 124.0.6367.91, chrome: {chromedriverVersion: 124.0.6367.91 (51df0e5e17a8..., userDataDir: C:\Users\THIRUM~1\AppData\L...}, fedcm:accounts: true, goog:chromeOptions: {debuggerAddress: localhost:53435}, networkConnectionEnabled: false, pageLoadStrategy: normal, platformName: windows, proxy: Proxy(), se:cdp: ws://localhost:53435/devtoo..., se:cdpVersion: 124.0.6367.91, setWindowRect: true, strictFileInteractability: false, timeouts: {implicit: 0, pageLoad: 300000, script: 30000}, unhandledPromptBehavior: dismiss and notify, webauthn:extension:credBlob: true, webauthn:extension:largeBlob: true, webauthn:extension:minPinLength: true, webauthn:extension:prf: true, webauthn:virtualAuthenticators: true}
Session ID: 223c450665567cbac4e473b7d1cfa91b
at org.openqa.selenium.remote.ErrorCodec.decode(ErrorCodec.java:167)
at org.openqa.selenium.remote.codec.w3c.W3CHttpResponseCodec.decode(W3CHttpResponseCodec.java:138)
at org.openqa.selenium.remote.codec.w3c.W3CHttpResponseCodec.decode(W3CHttpResponseCodec.java:50)
at org.openqa.selenium.remote.HttpCommandExecutor.execute(HttpCommandExecutor.java:190)
at org.openqa.selenium.remote.service.DriverCommandExecutor.invokeExecute(DriverCommandExecutor.java:216)
at org.openqa.selenium.remote.service.DriverCommandExecutor.execute(DriverCommandExecutor.java:174)
at org.openqa.selenium.remote.RemoteWebDriver.execute(RemoteWebDriver.java:519)
at org.openqa.selenium.remote.ElementLocation$ElementFinder$2.findElement(ElementLocation.java:165)
at org.openqa.selenium.remote.ElementLocation.findElement(ElementLocation.java:59)
at org.openqa.selenium.remote.RemoteWebDriver.findElement(RemoteWebDriver.java:356)
at org.openqa.selenium.remote.RemoteWebDriver.findElement(RemoteWebDriver.java:350)
at allPages.ViewUser.TC36(ViewUser.java:296)
at java.base/java.util.ArrayList.forEach(ArrayList.java:1596)
... Removed 28 stack frames]]>
    </failure>
  </testcase> <!-- TC36 -->
  <testcase classname="allPages.ViewUser" name="TC08" time="0.243"/>
  <testcase classname="allPages.ViewUser" name="TC09" time="70.515">
    <skipped/>
  </testcase> <!-- TC09 -->
  <testcase classname="allPages.ViewUser" name="TC09" time="70.543">
    <failure type="org.openqa.selenium.NoSuchElementException" message="no such element: Unable to locate element: {&amp;quot;method&amp;quot;:&amp;quot;xpath&amp;quot;,&amp;quot;selector&amp;quot;:&amp;quot;//*[@id=&amp;quot;kt_table_users&amp;quot;]/tbody/tr[1]/td[8]/div/div/a/span&amp;quot;}
  (Session info: chrome=124.0.6367.91)
For documentation on this error, please visit: https://www.selenium.dev/documentation/webdriver/troubleshooting/errors#no-such-element-exception
Build info: version: &amp;apos;4.18.1&amp;apos;, revision: &amp;apos;b1d3319b48&amp;apos;
System info: os.name: &amp;apos;Windows 11&amp;apos;, os.arch: &amp;apos;amd64&amp;apos;, os.version: &amp;apos;10.0&amp;apos;, java.version: &amp;apos;21.0.2&amp;apos;
Driver info: org.openqa.selenium.chrome.ChromeDriver
Command: [84056073bc8e39d07b8adc5c4581d893, findElement {using=xpath, value=//*[@id=&amp;quot;kt_table_users&amp;quot;]/tbody/tr[1]/td[8]/div/div/a/span}]
Capabilities {acceptInsecureCerts: false, browserName: chrome, browserVersion: 124.0.6367.91, chrome: {chromedriverVersion: 124.0.6367.91 (51df0e5e17a8..., userDataDir: C:\Users\THIRUM~1\AppData\L...}, fedcm:accounts: true, goog:chromeOptions: {debuggerAddress: localhost:53587}, networkConnectionEnabled: false, pageLoadStrategy: normal, platformName: windows, proxy: Proxy(), se:cdp: ws://localhost:53587/devtoo..., se:cdpVersion: 124.0.6367.91, setWindowRect: true, strictFileInteractability: false, timeouts: {implicit: 0, pageLoad: 300000, script: 30000}, unhandledPromptBehavior: dismiss and notify, webauthn:extension:credBlob: true, webauthn:extension:largeBlob: true, webauthn:extension:minPinLength: true, webauthn:extension:prf: true, webauthn:virtualAuthenticators: true}
Session ID: 84056073bc8e39d07b8adc5c4581d893">
      <![CDATA[org.openqa.selenium.NoSuchElementException: no such element: Unable to locate element: {"method":"xpath","selector":"//*[@id="kt_table_users"]/tbody/tr[1]/td[8]/div/div/a/span"}
  (Session info: chrome=124.0.6367.91)
For documentation on this error, please visit: https://www.selenium.dev/documentation/webdriver/troubleshooting/errors#no-such-element-exception
Build info: version: '4.18.1', revision: 'b1d3319b48'
System info: os.name: 'Windows 11', os.arch: 'amd64', os.version: '10.0', java.version: '21.0.2'
Driver info: org.openqa.selenium.chrome.ChromeDriver
Command: [84056073bc8e39d07b8adc5c4581d893, findElement {using=xpath, value=//*[@id="kt_table_users"]/tbody/tr[1]/td[8]/div/div/a/span}]
Capabilities {acceptInsecureCerts: false, browserName: chrome, browserVersion: 124.0.6367.91, chrome: {chromedriverVersion: 124.0.6367.91 (51df0e5e17a8..., userDataDir: C:\Users\THIRUM~1\AppData\L...}, fedcm:accounts: true, goog:chromeOptions: {debuggerAddress: localhost:53587}, networkConnectionEnabled: false, pageLoadStrategy: normal, platformName: windows, proxy: Proxy(), se:cdp: ws://localhost:53587/devtoo..., se:cdpVersion: 124.0.6367.91, setWindowRect: true, strictFileInteractability: false, timeouts: {implicit: 0, pageLoad: 300000, script: 30000}, unhandledPromptBehavior: dismiss and notify, webauthn:extension:credBlob: true, webauthn:extension:largeBlob: true, webauthn:extension:minPinLength: true, webauthn:extension:prf: true, webauthn:virtualAuthenticators: true}
Session ID: 84056073bc8e39d07b8adc5c4581d893
at org.openqa.selenium.remote.ErrorCodec.decode(ErrorCodec.java:167)
at org.openqa.selenium.remote.codec.w3c.W3CHttpResponseCodec.decode(W3CHttpResponseCodec.java:138)
at org.openqa.selenium.remote.codec.w3c.W3CHttpResponseCodec.decode(W3CHttpResponseCodec.java:50)
at org.openqa.selenium.remote.HttpCommandExecutor.execute(HttpCommandExecutor.java:190)
at org.openqa.selenium.remote.service.DriverCommandExecutor.invokeExecute(DriverCommandExecutor.java:216)
at org.openqa.selenium.remote.service.DriverCommandExecutor.execute(DriverCommandExecutor.java:174)
at org.openqa.selenium.remote.RemoteWebDriver.execute(RemoteWebDriver.java:519)
at org.openqa.selenium.remote.ElementLocation$ElementFinder$2.findElement(ElementLocation.java:165)
at org.openqa.selenium.remote.ElementLocation.findElement(ElementLocation.java:59)
at org.openqa.selenium.remote.RemoteWebDriver.findElement(RemoteWebDriver.java:356)
at org.openqa.selenium.remote.RemoteWebDriver.findElement(RemoteWebDriver.java:350)
at allPages.ViewUser.TC09(ViewUser.java:332)
at java.base/java.util.ArrayList.forEach(ArrayList.java:1596)
... Removed 28 stack frames]]>
    </failure>
  </testcase> <!-- TC09 -->
  <testcase classname="allPages.ViewUser" name="TC10" time="0.266"/>
  <testcase classname="allPages.ViewUser" name="TC11" time="10.788"/>
  <testcase classname="allPages.ViewUser" name="TC12" time="11.024"/>
  <testcase classname="allPages.ViewUser" name="TC13" time="0.249"/>
  <testcase classname="allPages.ViewUser" name="TC14" time="10.985"/>
  <testcase classname="allPages.ViewUser" name="TC15" time="16.757"/>
  <testcase classname="allPages.ViewUser" name="TC16" time="2.286"/>
  <testcase classname="allPages.ViewUser" name="TC17" time="10.834"/>
  <testcase classname="allPages.ViewUser" name="TC18" time="11.849"/>
  <testcase classname="allPages.ViewUser" name="TC19" time="17.313"/>
  <testcase classname="allPages.ViewUser" name="TC20" time="28.575"/>
  <testcase classname="allPages.ViewUser" name="TC21" time="8.858"/>
  <testcase classname="allPages.ViewUser" name="TC22" time="17.823"/>
  <testcase classname="allPages.ViewUser" name="TC24" time="68.689">
    <skipped/>
  </testcase> <!-- TC24 -->
  <testcase classname="allPages.ViewUser" name="TC24" time="68.628">
    <failure type="org.openqa.selenium.NoSuchElementException" message="no such element: Unable to locate element: {&amp;quot;method&amp;quot;:&amp;quot;xpath&amp;quot;,&amp;quot;selector&amp;quot;:&amp;quot;//*[@id=&amp;quot;kt_table_users&amp;quot;]/tbody/tr[1]/td[8]/div/div/a/span&amp;quot;}
  (Session info: chrome=124.0.6367.91)
For documentation on this error, please visit: https://www.selenium.dev/documentation/webdriver/troubleshooting/errors#no-such-element-exception
Build info: version: &amp;apos;4.18.1&amp;apos;, revision: &amp;apos;b1d3319b48&amp;apos;
System info: os.name: &amp;apos;Windows 11&amp;apos;, os.arch: &amp;apos;amd64&amp;apos;, os.version: &amp;apos;10.0&amp;apos;, java.version: &amp;apos;21.0.2&amp;apos;
Driver info: org.openqa.selenium.chrome.ChromeDriver
Command: [f9a68b298c8e542120e592d0dfa30f2f, findElement {using=xpath, value=//*[@id=&amp;quot;kt_table_users&amp;quot;]/tbody/tr[1]/td[8]/div/div/a/span}]
Capabilities {acceptInsecureCerts: false, browserName: chrome, browserVersion: 124.0.6367.91, chrome: {chromedriverVersion: 124.0.6367.91 (51df0e5e17a8..., userDataDir: C:\Users\THIRUM~1\AppData\L...}, fedcm:accounts: true, goog:chromeOptions: {debuggerAddress: localhost:54265}, networkConnectionEnabled: false, pageLoadStrategy: normal, platformName: windows, proxy: Proxy(), se:cdp: ws://localhost:54265/devtoo..., se:cdpVersion: 124.0.6367.91, setWindowRect: true, strictFileInteractability: false, timeouts: {implicit: 0, pageLoad: 300000, script: 30000}, unhandledPromptBehavior: dismiss and notify, webauthn:extension:credBlob: true, webauthn:extension:largeBlob: true, webauthn:extension:minPinLength: true, webauthn:extension:prf: true, webauthn:virtualAuthenticators: true}
Session ID: f9a68b298c8e542120e592d0dfa30f2f">
      <![CDATA[org.openqa.selenium.NoSuchElementException: no such element: Unable to locate element: {"method":"xpath","selector":"//*[@id="kt_table_users"]/tbody/tr[1]/td[8]/div/div/a/span"}
  (Session info: chrome=124.0.6367.91)
For documentation on this error, please visit: https://www.selenium.dev/documentation/webdriver/troubleshooting/errors#no-such-element-exception
Build info: version: '4.18.1', revision: 'b1d3319b48'
System info: os.name: 'Windows 11', os.arch: 'amd64', os.version: '10.0', java.version: '21.0.2'
Driver info: org.openqa.selenium.chrome.ChromeDriver
Command: [f9a68b298c8e542120e592d0dfa30f2f, findElement {using=xpath, value=//*[@id="kt_table_users"]/tbody/tr[1]/td[8]/div/div/a/span}]
Capabilities {acceptInsecureCerts: false, browserName: chrome, browserVersion: 124.0.6367.91, chrome: {chromedriverVersion: 124.0.6367.91 (51df0e5e17a8..., userDataDir: C:\Users\THIRUM~1\AppData\L...}, fedcm:accounts: true, goog:chromeOptions: {debuggerAddress: localhost:54265}, networkConnectionEnabled: false, pageLoadStrategy: normal, platformName: windows, proxy: Proxy(), se:cdp: ws://localhost:54265/devtoo..., se:cdpVersion: 124.0.6367.91, setWindowRect: true, strictFileInteractability: false, timeouts: {implicit: 0, pageLoad: 300000, script: 30000}, unhandledPromptBehavior: dismiss and notify, webauthn:extension:credBlob: true, webauthn:extension:largeBlob: true, webauthn:extension:minPinLength: true, webauthn:extension:prf: true, webauthn:virtualAuthenticators: true}
Session ID: f9a68b298c8e542120e592d0dfa30f2f
at org.openqa.selenium.remote.ErrorCodec.decode(ErrorCodec.java:167)
at org.openqa.selenium.remote.codec.w3c.W3CHttpResponseCodec.decode(W3CHttpResponseCodec.java:138)
at org.openqa.selenium.remote.codec.w3c.W3CHttpResponseCodec.decode(W3CHttpResponseCodec.java:50)
at org.openqa.selenium.remote.HttpCommandExecutor.execute(HttpCommandExecutor.java:190)
at org.openqa.selenium.remote.service.DriverCommandExecutor.invokeExecute(DriverCommandExecutor.java:216)
at org.openqa.selenium.remote.service.DriverCommandExecutor.execute(DriverCommandExecutor.java:174)
at org.openqa.selenium.remote.RemoteWebDriver.execute(RemoteWebDriver.java:519)
at org.openqa.selenium.remote.ElementLocation$ElementFinder$2.findElement(ElementLocation.java:165)
at org.openqa.selenium.remote.ElementLocation.findElement(ElementLocation.java:59)
at org.openqa.selenium.remote.RemoteWebDriver.findElement(RemoteWebDriver.java:356)
at org.openqa.selenium.remote.RemoteWebDriver.findElement(RemoteWebDriver.java:350)
at allPages.ViewUser.TC24(ViewUser.java:660)
at java.base/java.util.ArrayList.forEach(ArrayList.java:1596)
... Removed 28 stack frames]]>
    </failure>
  </testcase> <!-- TC24 -->
  <testcase classname="allPages.ViewUser" name="TC25" time="0.241"/>
  <testcase classname="allPages.ViewUser" name="TC26" time="8.82"/>
  <testcase classname="allPages.ViewUser" name="TC27" time="20.814"/>
  <testcase classname="allPages.ViewUser" name="TC29" time="19.063"/>
  <testcase classname="allPages.ViewUser" name="TC30" time="14.825"/>
  <testcase classname="allPages.ViewUser" name="TC31" time="14.643">
    <skipped/>
  </testcase> <!-- TC31 -->
  <testcase classname="allPages.ViewUser" name="TC31" time="14.55">
    <failure type="java.lang.IllegalStateException" message="cannot open system clipboard">
      <![CDATA[java.lang.IllegalStateException: cannot open system clipboard
at java.desktop/sun.awt.windows.WClipboard.openClipboard(Native Method)
at java.desktop/sun.awt.windows.WClipboard.setContentsNative(WClipboard.java:75)
at java.desktop/sun.awt.datatransfer.SunClipboard.setContents(SunClipboard.java:105)
at allPages.ViewUser.TC31(ViewUser.java:800)
at java.base/java.util.ArrayList.forEach(ArrayList.java:1596)
... Removed 25 stack frames]]>
    </failure>
  </testcase> <!-- TC31 -->
  <testcase classname="allPages.ViewUser" name="TC32" time="14.575">
    <skipped/>
  </testcase> <!-- TC32 -->
  <testcase classname="allPages.ViewUser" name="TC32" time="14.557">
    <failure type="java.lang.IllegalStateException" message="cannot open system clipboard">
      <![CDATA[java.lang.IllegalStateException: cannot open system clipboard
at java.desktop/sun.awt.windows.WClipboard.openClipboard(Native Method)
at java.desktop/sun.awt.windows.WClipboard.setContentsNative(WClipboard.java:75)
at java.desktop/sun.awt.datatransfer.SunClipboard.setContents(SunClipboard.java:105)
at allPages.ViewUser.TC32(ViewUser.java:826)
at java.base/java.util.ArrayList.forEach(ArrayList.java:1596)
... Removed 25 stack frames]]>
    </failure>
  </testcase> <!-- TC32 -->
  <testcase classname="allPages.ViewUser" name="TC33" time="10.848"/>
  <testcase classname="allPages.ViewUser" name="TC34" time="12.942"/>
  <testcase classname="allPages.ViewUser" name="TC35" time="10.949"/>
  <testcase classname="allPages.BankSetup" name="AuthorizedNetClick" time="6.351"/>
  <testcase classname="allPages.BankSetup" name="BankSetupClick" time="6.484"/>
  <testcase classname="allPages.BankSetup" name="EventLog" time="6.32"/>
  <testcase classname="allPages.BankSetup" name="ExceptionLog" time="6.369"/>
  <testcase classname="allPages.BankSetup" name="IPWhitelist" time="6.368"/>
  <testcase classname="allPages.BankSetup" name="UserLog" time="6.35"/>
  <testcase classname="allPages.BankSetup" name="TC01" time="12.618"/>
  <testcase classname="allPages.BankSetup" name="TC02" time="10.758"/>
  <testcase classname="allPages.BankSetup" name="TC03" time="9.947"/>
  <testcase classname="allPages.BankSetup" name="TC04" time="10.951"/>
  <testcase classname="allPages.BankSetup" name="TC05" time="12.959"/>
  <testcase classname="allPages.BankSetup" name="TC06" time="15.111"/>
  <testcase classname="allPages.BankSetup" name="TC07" time="14.036"/>
  <testcase classname="allPages.BankSetup" name="TC08" time="16.218"/>
  <testcase classname="allPages.BankSetup" name="TC09" time="10.828"/>
  <testcase classname="allPages.BankSetup" name="TC10" time="10.597"/>
  <testcase classname="allPages.BankSetup" name="TC11" time="14.745"/>
  <testcase classname="allPages.BankSetup" name="TC12" time="14.802"/>
  <testcase classname="allPages.BankSetup" name="TC13" time="12.753"/>
  <testcase classname="allPages.BankSetup" name="TC14" time="12.568"/>
  <testcase classname="allPages.BankSetup" name="TC15" time="8.767"/>
  <testcase classname="allPages.BankSetup" name="TC16" time="11.753"/>
  <testcase classname="allPages.BankSetup" name="TC17" time="8.779"/>
  <testcase classname="allPages.BankSetup" name="TC18" time="10.517"/>
  <testcase classname="allPages.BankSetup" name="TC19" time="10.531"/>
  <testcase classname="allPages.BankSetup" name="TC20" time="10.579"/>
  <testcase classname="allPages.BankSetup" name="TC21" time="8.694"/>
  <testcase classname="allPages.BankSetup" name="TC22" time="10.531"/>
  <testcase classname="allPages.BankSetup" name="TC23" time="13.818"/>
  <testcase classname="allPages.BankSetup" name="TC24" time="13.85"/>
  <testcase classname="allPages.BankSetup" name="TC25" time="8.494"/>
  <testcase classname="allPages.BankSetup" name="TC26" time="13.861"/>
  <testcase classname="allPages.BankSetup" name="TC27" time="8.42"/>
  <testcase classname="allPages.BankSetup" name="TC28" time="8.433"/>
  <testcase classname="allPages.BankSetup" name="TC29" time="8.763"/>
  <testcase classname="allPages.BankSetup" name="TC30" time="6.505"/>
  <testcase classname="allPages.BankSetup" name="TC31" time="12.382"/>
  <testcase classname="allPages.BankSetup" name="TC32" time="18.4"/>
  <testcase classname="allPages.BankSetup" name="TC33" time="6.553"/>
  <testcase classname="allPages.InstallerSetup" name="InstallerBtnClick" time="3.532"/>
  <testcase classname="allPages.InstallerSetup" name="TC01" time="9.674"/>
  <testcase classname="allPages.InstallerSetup" name="EnterAllDetails" time="4.306"/>
  <testcase classname="allPages.InstallerSetup" name="TC02" time="4.663"/>
  <testcase classname="allPages.InstallerSetup" name="TC03" time="4.444"/>
  <testcase classname="allPages.InstallerSetup" name="TC04" time="4.416"/>
  <testcase classname="allPages.InstallerSetup" name="TC06" time="3.647"/>
  <testcase classname="allPages.InstallerSetup" name="TC07" time="63.477">
    <skipped/>
  </testcase> <!-- TC07 -->
  <testcase classname="allPages.InstallerSetup" name="TC07" time="7.857"/>
  <testcase classname="allPages.InstallerSetup" name="TC08" time="12.823"/>
  <testcase classname="allPages.InstallerSetup" name="TC10" time="12.843"/>
  <testcase classname="allPages.InstallerSetup" name="TC09" time="8.764"/>
  <testcase classname="allPages.InstallerSetup" name="TC11" time="7.923"/>
  <testcase classname="allPages.InstallerSetup" name="TC14" time="11.789"/>
  <testcase classname="allPages.InstallerSetup" name="TC15" time="12.122">
    <skipped/>
  </testcase> <!-- TC15 -->
  <testcase classname="allPages.InstallerSetup" name="TC15" time="12.106">
    <failure type="java.lang.IllegalStateException" message="cannot open system clipboard">
      <![CDATA[java.lang.IllegalStateException: cannot open system clipboard
at java.desktop/sun.awt.windows.WClipboard.openClipboard(Native Method)
at java.desktop/sun.awt.windows.WClipboard.setContentsNative(WClipboard.java:75)
at java.desktop/sun.awt.datatransfer.SunClipboard.setContents(SunClipboard.java:105)
at allPages.InstallerSetup.TC15(InstallerSetup.java:423)
at java.base/java.util.ArrayList.forEach(ArrayList.java:1596)
... Removed 25 stack frames]]>
    </failure>
  </testcase> <!-- TC15 -->
  <testcase classname="allPages.InstallerSetup" name="TC16" time="12.157">
    <skipped/>
  </testcase> <!-- TC16 -->
  <testcase classname="allPages.InstallerSetup" name="TC16" time="12.188">
    <failure type="java.lang.IllegalStateException" message="cannot open system clipboard">
      <![CDATA[java.lang.IllegalStateException: cannot open system clipboard
at java.desktop/sun.awt.windows.WClipboard.openClipboard(Native Method)
at java.desktop/sun.awt.windows.WClipboard.setContentsNative(WClipboard.java:75)
at java.desktop/sun.awt.datatransfer.SunClipboard.setContents(SunClipboard.java:105)
at allPages.InstallerSetup.TC16(InstallerSetup.java:464)
at java.base/java.util.ArrayList.forEach(ArrayList.java:1596)
... Removed 25 stack frames]]>
    </failure>
  </testcase> <!-- TC16 -->
  <testcase classname="allPages.InstallerSetup" name="TC17" time="11.788">
    <skipped/>
  </testcase> <!-- TC17 -->
  <testcase classname="allPages.InstallerSetup" name="TC17" time="63.296">
    <failure type="org.openqa.selenium.ElementNotInteractableException" message="element not interactable
  (Session info: chrome=124.0.6367.91)
Build info: version: &amp;apos;4.18.1&amp;apos;, revision: &amp;apos;b1d3319b48&amp;apos;
System info: os.name: &amp;apos;Windows 11&amp;apos;, os.arch: &amp;apos;amd64&amp;apos;, os.version: &amp;apos;10.0&amp;apos;, java.version: &amp;apos;21.0.2&amp;apos;
Driver info: org.openqa.selenium.chrome.ChromeDriver
Command: [3e8145540f1143fa383a5b1f65bc055e, clickElement {id=f.C31EB41ABD75A5BB9A4A745F47848E3A.d.35747E7862AC8A0A18A9C31DC2E07687.e.64}]
Capabilities {acceptInsecureCerts: false, browserName: chrome, browserVersion: 124.0.6367.91, chrome: {chromedriverVersion: 124.0.6367.91 (51df0e5e17a8..., userDataDir: C:\Users\THIRUM~1\AppData\L...}, fedcm:accounts: true, goog:chromeOptions: {debuggerAddress: localhost:57403}, networkConnectionEnabled: false, pageLoadStrategy: normal, platformName: windows, proxy: Proxy(), se:cdp: ws://localhost:57403/devtoo..., se:cdpVersion: 124.0.6367.91, setWindowRect: true, strictFileInteractability: false, timeouts: {implicit: 0, pageLoad: 300000, script: 30000}, unhandledPromptBehavior: dismiss and notify, webauthn:extension:credBlob: true, webauthn:extension:largeBlob: true, webauthn:extension:minPinLength: true, webauthn:extension:prf: true, webauthn:virtualAuthenticators: true}
Element: [[ChromeDriver: chrome on windows (3e8145540f1143fa383a5b1f65bc055e)] -&amp;gt; xpath: //*[@id=&amp;quot;#kt_aside_menu&amp;quot;]/div[6]/div/div[1]/a/span[2]]
Session ID: 3e8145540f1143fa383a5b1f65bc055e">
      <![CDATA[org.openqa.selenium.ElementNotInteractableException: element not interactable
  (Session info: chrome=124.0.6367.91)
Build info: version: '4.18.1', revision: 'b1d3319b48'
System info: os.name: 'Windows 11', os.arch: 'amd64', os.version: '10.0', java.version: '21.0.2'
Driver info: org.openqa.selenium.chrome.ChromeDriver
Command: [3e8145540f1143fa383a5b1f65bc055e, clickElement {id=f.C31EB41ABD75A5BB9A4A745F47848E3A.d.35747E7862AC8A0A18A9C31DC2E07687.e.64}]
Capabilities {acceptInsecureCerts: false, browserName: chrome, browserVersion: 124.0.6367.91, chrome: {chromedriverVersion: 124.0.6367.91 (51df0e5e17a8..., userDataDir: C:\Users\THIRUM~1\AppData\L...}, fedcm:accounts: true, goog:chromeOptions: {debuggerAddress: localhost:57403}, networkConnectionEnabled: false, pageLoadStrategy: normal, platformName: windows, proxy: Proxy(), se:cdp: ws://localhost:57403/devtoo..., se:cdpVersion: 124.0.6367.91, setWindowRect: true, strictFileInteractability: false, timeouts: {implicit: 0, pageLoad: 300000, script: 30000}, unhandledPromptBehavior: dismiss and notify, webauthn:extension:credBlob: true, webauthn:extension:largeBlob: true, webauthn:extension:minPinLength: true, webauthn:extension:prf: true, webauthn:virtualAuthenticators: true}
Element: [[ChromeDriver: chrome on windows (3e8145540f1143fa383a5b1f65bc055e)] -> xpath: //*[@id="#kt_aside_menu"]/div[6]/div/div[1]/a/span[2]]
Session ID: 3e8145540f1143fa383a5b1f65bc055e
at org.openqa.selenium.remote.ErrorCodec.decode(ErrorCodec.java:167)
at org.openqa.selenium.remote.codec.w3c.W3CHttpResponseCodec.decode(W3CHttpResponseCodec.java:138)
at org.openqa.selenium.remote.codec.w3c.W3CHttpResponseCodec.decode(W3CHttpResponseCodec.java:50)
at org.openqa.selenium.remote.HttpCommandExecutor.execute(HttpCommandExecutor.java:190)
at org.openqa.selenium.remote.service.DriverCommandExecutor.invokeExecute(DriverCommandExecutor.java:216)
at org.openqa.selenium.remote.service.DriverCommandExecutor.execute(DriverCommandExecutor.java:174)
at org.openqa.selenium.remote.RemoteWebDriver.execute(RemoteWebDriver.java:519)
at org.openqa.selenium.remote.RemoteWebElement.execute(RemoteWebElement.java:223)
at org.openqa.selenium.remote.RemoteWebElement.click(RemoteWebElement.java:76)
at allPages.InstallerSetup.InstallerBtnClick(InstallerSetup.java:65)
at allPages.InstallerSetup.TC17(InstallerSetup.java:477)
at java.base/java.util.ArrayList.forEach(ArrayList.java:1596)
... Removed 28 stack frames]]>
    </failure>
  </testcase> <!-- TC17 -->
  <testcase classname="allPages.InstallerSetup" name="TC18" time="9.805"/>
  <testcase classname="allPages.InstallerSetup" name="TC19" time="5.6"/>
  <testcase classname="allPages.InstallerSetup" name="TC20" time="5.589"/>
  <testcase classname="allPages.InstallerSetup" name="TC21" time="9.672"/>
  <testcase classname="allPages.InstallerSetup" name="TC22" time="9.74"/>
  <testcase classname="allPages.InstallerSetup" name="TC23" time="12.098"/>
  <testcase classname="allPages.InstallerSetup" name="TC25" time="5.737"/>
  <testcase classname="allPages.InstallerSetup" name="TC26" time="13.788"/>
  <testcase classname="allPages.InstallerSetup" name="TC27" time="13.928"/>
  <testcase classname="allPages.InstallerSetup" name="TC28" time="13.896"/>
  <testcase classname="allPages.InstallerSetup" name="TC29" time="13.995"/>
  <testcase classname="allPages.InstallerSetup" name="TC30" time="16.08"/>
  <testcase classname="allPages.InstallerSetup" name="TC31" time="9.784"/>
  <testcase classname="allPages.InvestorSetup" name="InvestorBtnClick" time="3.452"/>
  <testcase classname="allPages.InvestorSetup" name="TC01" time="8.61"/>
  <testcase classname="allPages.InvestorSetup" name="TC02" time="10.63"/>
  <testcase classname="allPages.InvestorSetup" name="TC03" time="6.139"/>
  <testcase classname="allPages.InvestorSetup" name="TC04" time="5.642"/>
  <testcase classname="allPages.InvestorSetup" name="TC05" time="6.164"/>
  <testcase classname="allPages.InvestorSetup" name="TC06" time="12.033"/>
  <testcase classname="allPages.InvestorSetup" name="TC07" time="11.779"/>
  <testcase classname="allPages.InvestorSetup" name="TC08" time="11.83"/>
  <testcase classname="allPages.InvestorSetup" name="TC09" time="12.115">
    <skipped/>
  </testcase> <!-- TC09 -->
  <testcase classname="allPages.InvestorSetup" name="TC09" time="12.13">
    <failure type="java.lang.IllegalStateException" message="cannot open system clipboard">
      <![CDATA[java.lang.IllegalStateException: cannot open system clipboard
at java.desktop/sun.awt.windows.WClipboard.openClipboard(Native Method)
at java.desktop/sun.awt.windows.WClipboard.setContentsNative(WClipboard.java:75)
at java.desktop/sun.awt.datatransfer.SunClipboard.setContents(SunClipboard.java:105)
at allPages.InvestorSetup.TC09(InvestorSetup.java:278)
at java.base/java.util.ArrayList.forEach(ArrayList.java:1596)
... Removed 25 stack frames]]>
    </failure>
  </testcase> <!-- TC09 -->
  <testcase classname="allPages.InvestorSetup" name="TC10" time="12.066">
    <skipped/>
  </testcase> <!-- TC10 -->
  <testcase classname="allPages.InvestorSetup" name="TC10" time="12.106">
    <failure type="java.lang.IllegalStateException" message="cannot open system clipboard">
      <![CDATA[java.lang.IllegalStateException: cannot open system clipboard
at java.desktop/sun.awt.windows.WClipboard.openClipboard(Native Method)
at java.desktop/sun.awt.windows.WClipboard.setContentsNative(WClipboard.java:75)
at java.desktop/sun.awt.datatransfer.SunClipboard.setContents(SunClipboard.java:105)
at allPages.InvestorSetup.TC10(InvestorSetup.java:329)
at java.base/java.util.ArrayList.forEach(ArrayList.java:1596)
... Removed 25 stack frames]]>
    </failure>
  </testcase> <!-- TC10 -->
  <testcase classname="allPages.InvestorSetup" name="TC11" time="10.016"/>
  <testcase classname="allPages.InvestorSetup" name="TC12" time="11.77"/>
  <testcase classname="allPages.InvestorSetup" name="TC13" time="9.728"/>
  <testcase classname="allPages.InvestorSetup" name="TC14" time="7.701"/>
  <testcase classname="allPages.InvestorSetup" name="TC15" time="69.763">
    <failure type="org.openqa.selenium.NoSuchElementException" message="no such element: Unable to locate element: {&amp;quot;method&amp;quot;:&amp;quot;xpath&amp;quot;,&amp;quot;selector&amp;quot;:&amp;quot;//*[@id=&amp;quot;kt_content_container&amp;quot;]/div[2]/div[2]/div/table/tbody/tr/td[8]/input&amp;quot;}
  (Session info: chrome=124.0.6367.91)
For documentation on this error, please visit: https://www.selenium.dev/documentation/webdriver/troubleshooting/errors#no-such-element-exception
Build info: version: &amp;apos;4.18.1&amp;apos;, revision: &amp;apos;b1d3319b48&amp;apos;
System info: os.name: &amp;apos;Windows 11&amp;apos;, os.arch: &amp;apos;amd64&amp;apos;, os.version: &amp;apos;10.0&amp;apos;, java.version: &amp;apos;21.0.2&amp;apos;
Driver info: org.openqa.selenium.chrome.ChromeDriver
Command: [56dae1176f44b385d4489046f237cf72, findElement {using=xpath, value=//*[@id=&amp;quot;kt_content_container&amp;quot;]/div[2]/div[2]/div/table/tbody/tr/td[8]/input}]
Capabilities {acceptInsecureCerts: false, browserName: chrome, browserVersion: 124.0.6367.91, chrome: {chromedriverVersion: 124.0.6367.91 (51df0e5e17a8..., userDataDir: C:\Users\THIRUM~1\AppData\L...}, fedcm:accounts: true, goog:chromeOptions: {debuggerAddress: localhost:58809}, networkConnectionEnabled: false, pageLoadStrategy: normal, platformName: windows, proxy: Proxy(), se:cdp: ws://localhost:58809/devtoo..., se:cdpVersion: 124.0.6367.91, setWindowRect: true, strictFileInteractability: false, timeouts: {implicit: 0, pageLoad: 300000, script: 30000}, unhandledPromptBehavior: dismiss and notify, webauthn:extension:credBlob: true, webauthn:extension:largeBlob: true, webauthn:extension:minPinLength: true, webauthn:extension:prf: true, webauthn:virtualAuthenticators: true}
Session ID: 56dae1176f44b385d4489046f237cf72">
      <![CDATA[org.openqa.selenium.NoSuchElementException: no such element: Unable to locate element: {"method":"xpath","selector":"//*[@id="kt_content_container"]/div[2]/div[2]/div/table/tbody/tr/td[8]/input"}
  (Session info: chrome=124.0.6367.91)
For documentation on this error, please visit: https://www.selenium.dev/documentation/webdriver/troubleshooting/errors#no-such-element-exception
Build info: version: '4.18.1', revision: 'b1d3319b48'
System info: os.name: 'Windows 11', os.arch: 'amd64', os.version: '10.0', java.version: '21.0.2'
Driver info: org.openqa.selenium.chrome.ChromeDriver
Command: [56dae1176f44b385d4489046f237cf72, findElement {using=xpath, value=//*[@id="kt_content_container"]/div[2]/div[2]/div/table/tbody/tr/td[8]/input}]
Capabilities {acceptInsecureCerts: false, browserName: chrome, browserVersion: 124.0.6367.91, chrome: {chromedriverVersion: 124.0.6367.91 (51df0e5e17a8..., userDataDir: C:\Users\THIRUM~1\AppData\L...}, fedcm:accounts: true, goog:chromeOptions: {debuggerAddress: localhost:58809}, networkConnectionEnabled: false, pageLoadStrategy: normal, platformName: windows, proxy: Proxy(), se:cdp: ws://localhost:58809/devtoo..., se:cdpVersion: 124.0.6367.91, setWindowRect: true, strictFileInteractability: false, timeouts: {implicit: 0, pageLoad: 300000, script: 30000}, unhandledPromptBehavior: dismiss and notify, webauthn:extension:credBlob: true, webauthn:extension:largeBlob: true, webauthn:extension:minPinLength: true, webauthn:extension:prf: true, webauthn:virtualAuthenticators: true}
Session ID: 56dae1176f44b385d4489046f237cf72
at org.openqa.selenium.remote.ErrorCodec.decode(ErrorCodec.java:167)
at org.openqa.selenium.remote.codec.w3c.W3CHttpResponseCodec.decode(W3CHttpResponseCodec.java:138)
at org.openqa.selenium.remote.codec.w3c.W3CHttpResponseCodec.decode(W3CHttpResponseCodec.java:50)
at org.openqa.selenium.remote.HttpCommandExecutor.execute(HttpCommandExecutor.java:190)
at org.openqa.selenium.remote.service.DriverCommandExecutor.invokeExecute(DriverCommandExecutor.java:216)
at org.openqa.selenium.remote.service.DriverCommandExecutor.execute(DriverCommandExecutor.java:174)
at org.openqa.selenium.remote.RemoteWebDriver.execute(RemoteWebDriver.java:519)
at org.openqa.selenium.remote.ElementLocation$ElementFinder$2.findElement(ElementLocation.java:165)
at org.openqa.selenium.remote.ElementLocation.findElement(ElementLocation.java:59)
at org.openqa.selenium.remote.RemoteWebDriver.findElement(RemoteWebDriver.java:356)
at org.openqa.selenium.remote.RemoteWebDriver.findElement(RemoteWebDriver.java:350)
at allPages.InvestorSetup.TC15(InvestorSetup.java:438)
at java.base/java.util.ArrayList.forEach(ArrayList.java:1596)
... Removed 28 stack frames]]>
    </failure>
  </testcase> <!-- TC15 -->
  <testcase classname="allPages.InvestorSetup" name="TC16" time="9.775"/>
  <testcase classname="allPages.InvestorSetup" name="TC17" time="5.562"/>
  <testcase classname="allPages.InvestorSetup" name="TC19" time="9.683"/>
  <testcase classname="allPages.InvestorSetup" name="TC20" time="7.703"/>
  <testcase classname="allPages.InvestorSetup" name="TC21" time="7.685"/>
  <testcase classname="allPages.InvestorSetup" name="TC22" time="7.704"/>
  <testcase classname="allPages.InvestorSetup" name="TC23" time="10.246"/>
  <testcase classname="allPages.InvestorSetup" name="TC24" time="69.959">
    <skipped/>
  </testcase> <!-- TC24 -->
  <testcase classname="allPages.InvestorSetup" name="TC24" time="69.828">
    <failure type="org.openqa.selenium.NoSuchElementException" message="no such element: Unable to locate element: {&amp;quot;method&amp;quot;:&amp;quot;xpath&amp;quot;,&amp;quot;selector&amp;quot;:&amp;quot;//*[@id=&amp;quot;kt_content_container&amp;quot;]/div[2]/div[2]/div/table/tbody/tr/td[8]/input&amp;quot;}
  (Session info: chrome=124.0.6367.91)
For documentation on this error, please visit: https://www.selenium.dev/documentation/webdriver/troubleshooting/errors#no-such-element-exception
Build info: version: &amp;apos;4.18.1&amp;apos;, revision: &amp;apos;b1d3319b48&amp;apos;
System info: os.name: &amp;apos;Windows 11&amp;apos;, os.arch: &amp;apos;amd64&amp;apos;, os.version: &amp;apos;10.0&amp;apos;, java.version: &amp;apos;21.0.2&amp;apos;
Driver info: org.openqa.selenium.chrome.ChromeDriver
Command: [61c5b24c3c1929f61629f6996633de1a, findElement {using=xpath, value=//*[@id=&amp;quot;kt_content_container&amp;quot;]/div[2]/div[2]/div/table/tbody/tr/td[8]/input}]
Capabilities {acceptInsecureCerts: false, browserName: chrome, browserVersion: 124.0.6367.91, chrome: {chromedriverVersion: 124.0.6367.91 (51df0e5e17a8..., userDataDir: C:\Users\THIRUM~1\AppData\L...}, fedcm:accounts: true, goog:chromeOptions: {debuggerAddress: localhost:59550}, networkConnectionEnabled: false, pageLoadStrategy: normal, platformName: windows, proxy: Proxy(), se:cdp: ws://localhost:59550/devtoo..., se:cdpVersion: 124.0.6367.91, setWindowRect: true, strictFileInteractability: false, timeouts: {implicit: 0, pageLoad: 300000, script: 30000}, unhandledPromptBehavior: dismiss and notify, webauthn:extension:credBlob: true, webauthn:extension:largeBlob: true, webauthn:extension:minPinLength: true, webauthn:extension:prf: true, webauthn:virtualAuthenticators: true}
Session ID: 61c5b24c3c1929f61629f6996633de1a">
      <![CDATA[org.openqa.selenium.NoSuchElementException: no such element: Unable to locate element: {"method":"xpath","selector":"//*[@id="kt_content_container"]/div[2]/div[2]/div/table/tbody/tr/td[8]/input"}
  (Session info: chrome=124.0.6367.91)
For documentation on this error, please visit: https://www.selenium.dev/documentation/webdriver/troubleshooting/errors#no-such-element-exception
Build info: version: '4.18.1', revision: 'b1d3319b48'
System info: os.name: 'Windows 11', os.arch: 'amd64', os.version: '10.0', java.version: '21.0.2'
Driver info: org.openqa.selenium.chrome.ChromeDriver
Command: [61c5b24c3c1929f61629f6996633de1a, findElement {using=xpath, value=//*[@id="kt_content_container"]/div[2]/div[2]/div/table/tbody/tr/td[8]/input}]
Capabilities {acceptInsecureCerts: false, browserName: chrome, browserVersion: 124.0.6367.91, chrome: {chromedriverVersion: 124.0.6367.91 (51df0e5e17a8..., userDataDir: C:\Users\THIRUM~1\AppData\L...}, fedcm:accounts: true, goog:chromeOptions: {debuggerAddress: localhost:59550}, networkConnectionEnabled: false, pageLoadStrategy: normal, platformName: windows, proxy: Proxy(), se:cdp: ws://localhost:59550/devtoo..., se:cdpVersion: 124.0.6367.91, setWindowRect: true, strictFileInteractability: false, timeouts: {implicit: 0, pageLoad: 300000, script: 30000}, unhandledPromptBehavior: dismiss and notify, webauthn:extension:credBlob: true, webauthn:extension:largeBlob: true, webauthn:extension:minPinLength: true, webauthn:extension:prf: true, webauthn:virtualAuthenticators: true}
Session ID: 61c5b24c3c1929f61629f6996633de1a
at org.openqa.selenium.remote.ErrorCodec.decode(ErrorCodec.java:167)
at org.openqa.selenium.remote.codec.w3c.W3CHttpResponseCodec.decode(W3CHttpResponseCodec.java:138)
at org.openqa.selenium.remote.codec.w3c.W3CHttpResponseCodec.decode(W3CHttpResponseCodec.java:50)
at org.openqa.selenium.remote.HttpCommandExecutor.execute(HttpCommandExecutor.java:190)
at org.openqa.selenium.remote.service.DriverCommandExecutor.invokeExecute(DriverCommandExecutor.java:216)
at org.openqa.selenium.remote.service.DriverCommandExecutor.execute(DriverCommandExecutor.java:174)
at org.openqa.selenium.remote.RemoteWebDriver.execute(RemoteWebDriver.java:519)
at org.openqa.selenium.remote.ElementLocation$ElementFinder$2.findElement(ElementLocation.java:165)
at org.openqa.selenium.remote.ElementLocation.findElement(ElementLocation.java:59)
at org.openqa.selenium.remote.RemoteWebDriver.findElement(RemoteWebDriver.java:356)
at org.openqa.selenium.remote.RemoteWebDriver.findElement(RemoteWebDriver.java:350)
at allPages.InvestorSetup.TC24(InvestorSetup.java:606)
at java.base/java.util.ArrayList.forEach(ArrayList.java:1596)
... Removed 28 stack frames]]>
    </failure>
  </testcase> <!-- TC24 -->
  <testcase classname="allPages.InvestorSetup" name="TC25" time="9.825"/>
  <testcase classname="allPages.InvestorSetup" name="TC26" time="7.807"/>
  <testcase classname="allPages.InvestorSetup" name="TC27" time="8.068"/>
  <testcase classname="allPages.InvestorSetup" name="TC28" time="9.647"/>
  <testcase classname="allPages.InvestorSetup" name="TC29" time="11.825">
    <skipped/>
  </testcase> <!-- TC29 -->
  <testcase classname="allPages.InvestorSetup" name="TC29" time="11.826">
    <failure type="java.lang.IllegalStateException" message="cannot open system clipboard">
      <![CDATA[java.lang.IllegalStateException: cannot open system clipboard
at java.desktop/sun.awt.windows.WClipboard.openClipboard(Native Method)
at java.desktop/sun.awt.windows.WClipboard.setContentsNative(WClipboard.java:75)
at java.desktop/sun.awt.datatransfer.SunClipboard.setContents(SunClipboard.java:105)
at allPages.InvestorSetup.TC29(InvestorSetup.java:698)
at java.base/java.util.ArrayList.forEach(ArrayList.java:1596)
... Removed 25 stack frames]]>
    </failure>
  </testcase> <!-- TC29 -->
  <testcase classname="allPages.InvestorSetup" name="TC30" time="9.819"/>
  <testcase classname="allPages.InvestorSetup" name="TC31" time="11.809"/>
  <testcase classname="allPages.InvestorSetup" name="TC32" time="9.012">
    <skipped/>
  </testcase> <!-- TC32 -->
  <testcase classname="allPages.InvestorSetup" name="TC32" time="7.861"/>
  <testcase classname="allPages.InvestorSetup" name="TC33" time="11.977"/>
  <testcase classname="allPages.InvestorSetup" name="TC34" time="11.729"/>
  <testcase classname="allPages.CustomerGroup" name="CustomerGroupBtnClick" time="3.529"/>
  <testcase classname="allPages.CustomerGroup" name="TC01" time="5.801"/>
  <testcase classname="allPages.CustomerGroup" name="TC02" time="6.609"/>
  <testcase classname="allPages.CustomerGroup" name="TC03" time="6.231"/>
  <testcase classname="allPages.CustomerGroup" name="TC04" time="5.933"/>
  <testcase classname="allPages.CustomerGroup" name="TC05" time="7.74"/>
  <testcase classname="allPages.CustomerGroup" name="TC06" time="9.752"/>
  <testcase classname="allPages.CustomerList" name="ACHFormClick" time="3.425"/>
  <testcase classname="allPages.CustomerList" name="CusAddDetailsFull" time="67.92">
    <skipped/>
  </testcase> <!-- CusAddDetailsFull -->
  <testcase classname="allPages.CustomerList" name="CusAddDetailsFull" time="67.842">
    <failure type="org.openqa.selenium.NoSuchElementException" message="Cannot locate option with text: Test(Unassigned)
For documentation on this error, please visit: https://www.selenium.dev/documentation/webdriver/troubleshooting/errors#no-such-element-exception
Build info: version: &amp;apos;4.18.1&amp;apos;, revision: &amp;apos;b1d3319b48&amp;apos;
System info: os.name: &amp;apos;Windows 11&amp;apos;, os.arch: &amp;apos;amd64&amp;apos;, os.version: &amp;apos;10.0&amp;apos;, java.version: &amp;apos;21.0.2&amp;apos;
Driver info: driver.version: unknown">
      <![CDATA[org.openqa.selenium.NoSuchElementException: Cannot locate option with text: Test(Unassigned)
For documentation on this error, please visit: https://www.selenium.dev/documentation/webdriver/troubleshooting/errors#no-such-element-exception
Build info: version: '4.18.1', revision: 'b1d3319b48'
System info: os.name: 'Windows 11', os.arch: 'amd64', os.version: '10.0', java.version: '21.0.2'
Driver info: driver.version: unknown
at org.openqa.selenium.support.ui.Select.selectByVisibleText(Select.java:153)
at allPages.CustomerList.CusAddDetailsFull(CustomerList.java:165)
at java.base/java.util.ArrayList.forEach(ArrayList.java:1596)
... Removed 25 stack frames]]>
    </failure>
  </testcase> <!-- CusAddDetailsFull -->
  <testcase classname="allPages.CustomerList" name="CusEditActBtn" time="7.584"/>
  <testcase classname="allPages.CustomerList" name="CustomerListClick" time="3.4"/>
  <testcase classname="allPages.CustomerList" name="TC01" time="5.447"/>
  <testcase classname="allPages.CustomerList" name="TC02" time="11.586"/>
  <testcase classname="allPages.CustomerList" name="TC03" time="67.922">
    <skipped/>
  </testcase> <!-- TC03 -->
  <testcase classname="allPages.CustomerList" name="TC03" time="67.804">
    <failure type="org.openqa.selenium.NoSuchElementException" message="Cannot locate option with text: Test(Unassigned)
For documentation on this error, please visit: https://www.selenium.dev/documentation/webdriver/troubleshooting/errors#no-such-element-exception
Build info: version: &amp;apos;4.18.1&amp;apos;, revision: &amp;apos;b1d3319b48&amp;apos;
System info: os.name: &amp;apos;Windows 11&amp;apos;, os.arch: &amp;apos;amd64&amp;apos;, os.version: &amp;apos;10.0&amp;apos;, java.version: &amp;apos;21.0.2&amp;apos;
Driver info: driver.version: unknown">
      <![CDATA[org.openqa.selenium.NoSuchElementException: Cannot locate option with text: Test(Unassigned)
For documentation on this error, please visit: https://www.selenium.dev/documentation/webdriver/troubleshooting/errors#no-such-element-exception
Build info: version: '4.18.1', revision: 'b1d3319b48'
System info: os.name: 'Windows 11', os.arch: 'amd64', os.version: '10.0', java.version: '21.0.2'
Driver info: driver.version: unknown
at org.openqa.selenium.support.ui.Select.selectByVisibleText(Select.java:153)
at allPages.CustomerList.CusAddDetailsFull(CustomerList.java:165)
at allPages.CustomerList.TC03(CustomerList.java:207)
at java.base/java.util.ArrayList.forEach(ArrayList.java:1596)
... Removed 25 stack frames]]>
    </failure>
  </testcase> <!-- TC03 -->
  <testcase classname="allPages.CustomerList" name="TC04" time="67.897">
    <skipped/>
  </testcase> <!-- TC04 -->
  <testcase classname="allPages.CustomerList" name="TC04" time="67.924">
    <failure type="org.openqa.selenium.NoSuchElementException" message="Cannot locate option with text: Test(Unassigned)
For documentation on this error, please visit: https://www.selenium.dev/documentation/webdriver/troubleshooting/errors#no-such-element-exception
Build info: version: &amp;apos;4.18.1&amp;apos;, revision: &amp;apos;b1d3319b48&amp;apos;
System info: os.name: &amp;apos;Windows 11&amp;apos;, os.arch: &amp;apos;amd64&amp;apos;, os.version: &amp;apos;10.0&amp;apos;, java.version: &amp;apos;21.0.2&amp;apos;
Driver info: driver.version: unknown">
      <![CDATA[org.openqa.selenium.NoSuchElementException: Cannot locate option with text: Test(Unassigned)
For documentation on this error, please visit: https://www.selenium.dev/documentation/webdriver/troubleshooting/errors#no-such-element-exception
Build info: version: '4.18.1', revision: 'b1d3319b48'
System info: os.name: 'Windows 11', os.arch: 'amd64', os.version: '10.0', java.version: '21.0.2'
Driver info: driver.version: unknown
at org.openqa.selenium.support.ui.Select.selectByVisibleText(Select.java:153)
at allPages.CustomerList.CusAddDetailsFull(CustomerList.java:165)
at allPages.CustomerList.TC04(CustomerList.java:215)
at java.base/java.util.ArrayList.forEach(ArrayList.java:1596)
... Removed 25 stack frames]]>
    </failure>
  </testcase> <!-- TC04 -->
  <testcase classname="allPages.CustomerList" name="TC05" time="8.543"/>
  <testcase classname="allPages.CustomerList" name="TC06" time="7.738"/>
  <testcase classname="allPages.CustomerList" name="TC07" time="13.074"/>
  <testcase classname="allPages.CustomerList" name="TC08" time="13.816"/>
  <testcase classname="allPages.CustomerList" name="TC09" time="13.754"/>
  <testcase classname="allPages.CustomerList" name="TC10" time="14.851"/>
  <testcase classname="allPages.CustomerList" name="TC11" time="69.623">
    <skipped/>
  </testcase> <!-- TC11 -->
  <testcase classname="allPages.CustomerList" name="TC11" time="69.843">
    <failure type="org.openqa.selenium.NoSuchElementException" message="Cannot locate option with text: Test(Unassigned)
For documentation on this error, please visit: https://www.selenium.dev/documentation/webdriver/troubleshooting/errors#no-such-element-exception
Build info: version: &amp;apos;4.18.1&amp;apos;, revision: &amp;apos;b1d3319b48&amp;apos;
System info: os.name: &amp;apos;Windows 11&amp;apos;, os.arch: &amp;apos;amd64&amp;apos;, os.version: &amp;apos;10.0&amp;apos;, java.version: &amp;apos;21.0.2&amp;apos;
Driver info: driver.version: unknown">
      <![CDATA[org.openqa.selenium.NoSuchElementException: Cannot locate option with text: Test(Unassigned)
For documentation on this error, please visit: https://www.selenium.dev/documentation/webdriver/troubleshooting/errors#no-such-element-exception
Build info: version: '4.18.1', revision: 'b1d3319b48'
System info: os.name: 'Windows 11', os.arch: 'amd64', os.version: '10.0', java.version: '21.0.2'
Driver info: driver.version: unknown
at org.openqa.selenium.support.ui.Select.selectByVisibleText(Select.java:153)
at allPages.CustomerList.TC11(CustomerList.java:375)
at java.base/java.util.ArrayList.forEach(ArrayList.java:1596)
... Removed 25 stack frames]]>
    </failure>
  </testcase> <!-- TC11 -->
  <testcase classname="allPages.CustomerList" name="TC12" time="64.246">
    <skipped/>
  </testcase> <!-- TC12 -->
  <testcase classname="allPages.CustomerList" name="TC12" time="67.813">
    <failure type="org.openqa.selenium.NoSuchElementException" message="Cannot locate option with text: Test(Unassigned)
For documentation on this error, please visit: https://www.selenium.dev/documentation/webdriver/troubleshooting/errors#no-such-element-exception
Build info: version: &amp;apos;4.18.1&amp;apos;, revision: &amp;apos;b1d3319b48&amp;apos;
System info: os.name: &amp;apos;Windows 11&amp;apos;, os.arch: &amp;apos;amd64&amp;apos;, os.version: &amp;apos;10.0&amp;apos;, java.version: &amp;apos;21.0.2&amp;apos;
Driver info: driver.version: unknown">
      <![CDATA[org.openqa.selenium.NoSuchElementException: Cannot locate option with text: Test(Unassigned)
For documentation on this error, please visit: https://www.selenium.dev/documentation/webdriver/troubleshooting/errors#no-such-element-exception
Build info: version: '4.18.1', revision: 'b1d3319b48'
System info: os.name: 'Windows 11', os.arch: 'amd64', os.version: '10.0', java.version: '21.0.2'
Driver info: driver.version: unknown
at org.openqa.selenium.support.ui.Select.selectByVisibleText(Select.java:153)
at allPages.CustomerList.CusAddDetailsFull(CustomerList.java:165)
at allPages.CustomerList.TC12(CustomerList.java:383)
at java.base/java.util.ArrayList.forEach(ArrayList.java:1596)
... Removed 25 stack frames]]>
    </failure>
  </testcase> <!-- TC12 -->
  <testcase classname="allPages.CustomerList" name="TC13" time="66.873">
    <skipped/>
  </testcase> <!-- TC13 -->
  <testcase classname="allPages.CustomerList" name="TC13" time="66.731">
    <failure type="org.openqa.selenium.NoSuchElementException" message="Cannot locate option with text: Test(Unassigned)
For documentation on this error, please visit: https://www.selenium.dev/documentation/webdriver/troubleshooting/errors#no-such-element-exception
Build info: version: &amp;apos;4.18.1&amp;apos;, revision: &amp;apos;b1d3319b48&amp;apos;
System info: os.name: &amp;apos;Windows 11&amp;apos;, os.arch: &amp;apos;amd64&amp;apos;, os.version: &amp;apos;10.0&amp;apos;, java.version: &amp;apos;21.0.2&amp;apos;
Driver info: driver.version: unknown">
      <![CDATA[org.openqa.selenium.NoSuchElementException: Cannot locate option with text: Test(Unassigned)
For documentation on this error, please visit: https://www.selenium.dev/documentation/webdriver/troubleshooting/errors#no-such-element-exception
Build info: version: '4.18.1', revision: 'b1d3319b48'
System info: os.name: 'Windows 11', os.arch: 'amd64', os.version: '10.0', java.version: '21.0.2'
Driver info: driver.version: unknown
at org.openqa.selenium.support.ui.Select.selectByVisibleText(Select.java:153)
at allPages.CustomerList.TC13(CustomerList.java:434)
at java.base/java.util.ArrayList.forEach(ArrayList.java:1596)
... Removed 25 stack frames]]>
    </failure>
  </testcase> <!-- TC13 -->
  <testcase classname="allPages.CustomerList" name="TC14" time="65.75">
    <skipped/>
  </testcase> <!-- TC14 -->
  <testcase classname="allPages.CustomerList" name="TC14" time="65.787">
    <failure type="org.openqa.selenium.NoSuchElementException" message="Cannot locate option with text: Test(Unassigned)
For documentation on this error, please visit: https://www.selenium.dev/documentation/webdriver/troubleshooting/errors#no-such-element-exception
Build info: version: &amp;apos;4.18.1&amp;apos;, revision: &amp;apos;b1d3319b48&amp;apos;
System info: os.name: &amp;apos;Windows 11&amp;apos;, os.arch: &amp;apos;amd64&amp;apos;, os.version: &amp;apos;10.0&amp;apos;, java.version: &amp;apos;21.0.2&amp;apos;
Driver info: driver.version: unknown">
      <![CDATA[org.openqa.selenium.NoSuchElementException: Cannot locate option with text: Test(Unassigned)
For documentation on this error, please visit: https://www.selenium.dev/documentation/webdriver/troubleshooting/errors#no-such-element-exception
Build info: version: '4.18.1', revision: 'b1d3319b48'
System info: os.name: 'Windows 11', os.arch: 'amd64', os.version: '10.0', java.version: '21.0.2'
Driver info: driver.version: unknown
at org.openqa.selenium.support.ui.Select.selectByVisibleText(Select.java:153)
at allPages.CustomerList.TC14(CustomerList.java:535)
at java.base/java.util.ArrayList.forEach(ArrayList.java:1596)
... Removed 25 stack frames]]>
    </failure>
  </testcase> <!-- TC14 -->
  <testcase classname="allPages.CustomerList" name="TC15" time="9.657"/>
  <testcase classname="allPages.CustomerList" name="TC16" time="5.798"/>
  <testcase classname="allPages.CustomerList" name="TC18" time="3.768"/>
[...]
Session ID: 831f0239935cc2b65d43a92cac4bb334
at org.openqa.selenium.remote.ErrorCodec.decode(ErrorCodec.java:167)
at org.openqa.selenium.remote.codec.w3c.W3CHttpResponseCodec.decode(W3CHttpResponseCodec.java:138)
at org.openqa.selenium.remote.codec.w3c.W3CHttpResponseCodec.decode(W3CHttpResponseCodec.java:50)
at org.openqa.selenium.remote.HttpCommandExecutor.execute(HttpCommandExecutor.java:190)
at org.openqa.selenium.remote.service.DriverCommandExecutor.invokeExecute(DriverCommandExecutor.java:216)
at org.openqa.selenium.remote.service.DriverCommandExecutor.execute(DriverCommandExecutor.java:174)
at org.openqa.selenium.remote.RemoteWebDriver.execute(RemoteWebDriver.java:519)
at org.openqa.selenium.remote.ElementLocation$ElementFinder$2.findElement(ElementLocation.java:165)
at org.openqa.selenium.remote.ElementLocation.findElement(ElementLocation.java:59)
at org.openqa.selenium.remote.RemoteWebDriver.findElement(RemoteWebDriver.java:356)
at org.openqa.selenium.remote.RemoteWebDriver.findElement(RemoteWebDriver.java:350)
at allPages.InvoicePayAndCreate.TC10(InvoicePayAndCreate.java:237)
at allPages.InvoicePayAndCreate.TC12(InvoicePayAndCreate.java:268)
at java.base/java.util.ArrayList.forEach(ArrayList.java:1596)
... Removed 28 stack frames]]>
    </failure>
  </testcase> <!-- TC12 -->
  <testcase classname="allPages.InvoicePayAndCreate" name="TC13" time="68.732">
    <skipped/>
  </testcase> <!-- TC13 -->
  <testcase classname="allPages.InvoicePayAndCreate" name="TC13" time="68.739">
    <failure type="org.openqa.selenium.NoSuchElementException" message="no such element: Unable to locate element: {&amp;quot;method&amp;quot;:&amp;quot;xpath&amp;quot;,&amp;quot;selector&amp;quot;:&amp;quot;//*[@id=&amp;quot;kt_content_container&amp;quot;]/div/div[2]/div[2]/div[3]/div/div/div[2]/div/a/label/a&amp;quot;}
  (Session info: chrome=124.0.6367.91)
For documentation on this error, please visit: https://www.selenium.dev/documentation/webdriver/troubleshooting/errors#no-such-element-exception
Build info: version: &amp;apos;4.18.1&amp;apos;, revision: &amp;apos;b1d3319b48&amp;apos;
System info: os.name: &amp;apos;Windows 11&amp;apos;, os.arch: &amp;apos;amd64&amp;apos;, os.version: &amp;apos;10.0&amp;apos;, java.version: &amp;apos;21.0.2&amp;apos;
Driver info: org.openqa.selenium.chrome.ChromeDriver
Command: [1c747de3634bb4a717f5069e7dcecb48, findElement {using=xpath, value=//*[@id=&amp;quot;kt_content_container&amp;quot;]/div/div[2]/div[2]/div[3]/div/div/div[2]/div/a/label/a}]
Capabilities {acceptInsecureCerts: false, browserName: chrome, browserVersion: 124.0.6367.91, chrome: {chromedriverVersion: 124.0.6367.91 (51df0e5e17a8..., userDataDir: C:\Users\THIRUM~1\AppData\L...}, fedcm:accounts: true, goog:chromeOptions: {debuggerAddress: localhost:56136}, networkConnectionEnabled: false, pageLoadStrategy: normal, platformName: windows, proxy: Proxy(), se:cdp: ws://localhost:56136/devtoo..., se:cdpVersion: 124.0.6367.91, setWindowRect: true, strictFileInteractability: false, timeouts: {implicit: 0, pageLoad: 300000, script: 30000}, unhandledPromptBehavior: dismiss and notify, webauthn:extension:credBlob: true, webauthn:extension:largeBlob: true, webauthn:extension:minPinLength: true, webauthn:extension:prf: true, webauthn:virtualAuthenticators: true}
Session ID: 1c747de3634bb4a717f5069e7dcecb48">
      <![CDATA[org.openqa.selenium.NoSuchElementException: no such element: Unable to locate element: {"method":"xpath","selector":"//*[@id="kt_content_container"]/div/div[2]/div[2]/div[3]/div/div/div[2]/div/a/label/a"}
  (Session info: chrome=124.0.6367.91)
For documentation on this error, please visit: https://www.selenium.dev/documentation/webdriver/troubleshooting/errors#no-such-element-exception
Build info: version: '4.18.1', revision: 'b1d3319b48'
System info: os.name: 'Windows 11', os.arch: 'amd64', os.version: '10.0', java.version: '21.0.2'
Driver info: org.openqa.selenium.chrome.ChromeDriver
Command: [1c747de3634bb4a717f5069e7dcecb48, findElement {using=xpath, value=//*[@id="kt_content_container"]/div/div[2]/div[2]/div[3]/div/div/div[2]/div/a/label/a}]
Capabilities {acceptInsecureCerts: false, browserName: chrome, browserVersion: 124.0.6367.91, chrome: {chromedriverVersion: 124.0.6367.91 (51df0e5e17a8..., userDataDir: C:\Users\THIRUM~1\AppData\L...}, fedcm:accounts: true, goog:chromeOptions: {debuggerAddress: localhost:56136}, networkConnectionEnabled: false, pageLoadStrategy: normal, platformName: windows, proxy: Proxy(), se:cdp: ws://localhost:56136/devtoo..., se:cdpVersion: 124.0.6367.91, setWindowRect: true, strictFileInteractability: false, timeouts: {implicit: 0, pageLoad: 300000, script: 30000}, unhandledPromptBehavior: dismiss and notify, webauthn:extension:credBlob: true, webauthn:extension:largeBlob: true, webauthn:extension:minPinLength: true, webauthn:extension:prf: true, webauthn:virtualAuthenticators: true}
Session ID: 1c747de3634bb4a717f5069e7dcecb48
at org.openqa.selenium.remote.ErrorCodec.decode(ErrorCodec.java:167)
at org.openqa.selenium.remote.codec.w3c.W3CHttpResponseCodec.decode(W3CHttpResponseCodec.java:138)
at org.openqa.selenium.remote.codec.w3c.W3CHttpResponseCodec.decode(W3CHttpResponseCodec.java:50)
at org.openqa.selenium.remote.HttpCommandExecutor.execute(HttpCommandExecutor.java:190)
at org.openqa.selenium.remote.service.DriverCommandExecutor.invokeExecute(DriverCommandExecutor.java:216)
at org.openqa.selenium.remote.service.DriverCommandExecutor.execute(DriverCommandExecutor.java:174)
at org.openqa.selenium.remote.RemoteWebDriver.execute(RemoteWebDriver.java:519)
at org.openqa.selenium.remote.ElementLocation$ElementFinder$2.findElement(ElementLocation.java:165)
at org.openqa.selenium.remote.ElementLocation.findElement(ElementLocation.java:59)
at org.openqa.selenium.remote.RemoteWebDriver.findElement(RemoteWebDriver.java:356)
at org.openqa.selenium.remote.RemoteWebDriver.findElement(RemoteWebDriver.java:350)
at allPages.InvoicePayAndCreate.TC10(InvoicePayAndCreate.java:237)
at allPages.InvoicePayAndCreate.TC13(InvoicePayAndCreate.java:287)
at java.base/java.util.ArrayList.forEach(ArrayList.java:1596)
... Removed 28 stack frames]]>
    </failure>
  </testcase> <!-- TC13 -->
  <testcase classname="allPages.InvoicePayAndCreate" name="TC14" time="68.679">
    <skipped/>
  </testcase> <!-- TC14 -->
  <testcase classname="allPages.InvoicePayAndCreate" name="TC14" time="68.732">
    <failure type="org.openqa.selenium.NoSuchElementException" message="no such element: Unable to locate element: {&amp;quot;method&amp;quot;:&amp;quot;xpath&amp;quot;,&amp;quot;selector&amp;quot;:&amp;quot;//*[@id=&amp;quot;kt_content_container&amp;quot;]/div/div[2]/div[2]/div[3]/div/div/div[2]/div/a/label/a&amp;quot;}
  (Session info: chrome=124.0.6367.91)
For documentation on this error, please visit: https://www.selenium.dev/documentation/webdriver/troubleshooting/errors#no-such-element-exception
Build info: version: &amp;apos;4.18.1&amp;apos;, revision: &amp;apos;b1d3319b48&amp;apos;
System info: os.name: &amp;apos;Windows 11&amp;apos;, os.arch: &amp;apos;amd64&amp;apos;, os.version: &amp;apos;10.0&amp;apos;, java.version: &amp;apos;21.0.2&amp;apos;
Driver info: org.openqa.selenium.chrome.ChromeDriver
Command: [e5a125976c03f2c0c166dff36a934cd4, findElement {using=xpath, value=//*[@id=&amp;quot;kt_content_container&amp;quot;]/div/div[2]/div[2]/div[3]/div/div/div[2]/div/a/label/a}]
Capabilities {acceptInsecureCerts: false, browserName: chrome, browserVersion: 124.0.6367.91, chrome: {chromedriverVersion: 124.0.6367.91 (51df0e5e17a8..., userDataDir: C:\Users\THIRUM~1\AppData\L...}, fedcm:accounts: true, goog:chromeOptions: {debuggerAddress: localhost:56226}, networkConnectionEnabled: false, pageLoadStrategy: normal, platformName: windows, proxy: Proxy(), se:cdp: ws://localhost:56226/devtoo..., se:cdpVersion: 124.0.6367.91, setWindowRect: true, strictFileInteractability: false, timeouts: {implicit: 0, pageLoad: 300000, script: 30000}, unhandledPromptBehavior: dismiss and notify, webauthn:extension:credBlob: true, webauthn:extension:largeBlob: true, webauthn:extension:minPinLength: true, webauthn:extension:prf: true, webauthn:virtualAuthenticators: true}
Session ID: e5a125976c03f2c0c166dff36a934cd4">
      <![CDATA[org.openqa.selenium.NoSuchElementException: no such element: Unable to locate element: {"method":"xpath","selector":"//*[@id="kt_content_container"]/div/div[2]/div[2]/div[3]/div/div/div[2]/div/a/label/a"}
  (Session info: chrome=124.0.6367.91)
For documentation on this error, please visit: https://www.selenium.dev/documentation/webdriver/troubleshooting/errors#no-such-element-exception
Build info: version: '4.18.1', revision: 'b1d3319b48'
System info: os.name: 'Windows 11', os.arch: 'amd64', os.version: '10.0', java.version: '21.0.2'
Driver info: org.openqa.selenium.chrome.ChromeDriver
Command: [e5a125976c03f2c0c166dff36a934cd4, findElement {using=xpath, value=//*[@id="kt_content_container"]/div/div[2]/div[2]/div[3]/div/div/div[2]/div/a/label/a}]
Capabilities {acceptInsecureCerts: false, browserName: chrome, browserVersion: 124.0.6367.91, chrome: {chromedriverVersion: 124.0.6367.91 (51df0e5e17a8..., userDataDir: C:\Users\THIRUM~1\AppData\L...}, fedcm:accounts: true, goog:chromeOptions: {debuggerAddress: localhost:56226}, networkConnectionEnabled: false, pageLoadStrategy: normal, platformName: windows, proxy: Proxy(), se:cdp: ws://localhost:56226/devtoo..., se:cdpVersion: 124.0.6367.91, setWindowRect: true, strictFileInteractability: false, timeouts: {implicit: 0, pageLoad: 300000, script: 30000}, unhandledPromptBehavior: dismiss and notify, webauthn:extension:credBlob: true, webauthn:extension:largeBlob: true, webauthn:extension:minPinLength: true, webauthn:extension:prf: true, webauthn:virtualAuthenticators: true}
Session ID: e5a125976c03f2c0c166dff36a934cd4
at org.openqa.selenium.remote.ErrorCodec.decode(ErrorCodec.java:167)
at org.openqa.selenium.remote.codec.w3c.W3CHttpResponseCodec.decode(W3CHttpResponseCodec.java:138)
at org.openqa.selenium.remote.codec.w3c.W3CHttpResponseCodec.decode(W3CHttpResponseCodec.java:50)
at org.openqa.selenium.remote.HttpCommandExecutor.execute(HttpCommandExecutor.java:190)
at org.openqa.selenium.remote.service.DriverCommandExecutor.invokeExecute(DriverCommandExecutor.java:216)
at org.openqa.selenium.remote.service.DriverCommandExecutor.execute(DriverCommandExecutor.java:174)
at org.openqa.selenium.remote.RemoteWebDriver.execute(RemoteWebDriver.java:519)
at org.openqa.selenium.remote.ElementLocation$ElementFinder$2.findElement(ElementLocation.java:165)
at org.openqa.selenium.remote.ElementLocation.findElement(ElementLocation.java:59)
at org.openqa.selenium.remote.RemoteWebDriver.findElement(RemoteWebDriver.java:356)
at org.openqa.selenium.remote.RemoteWebDriver.findElement(RemoteWebDriver.java:350)
at allPages.InvoicePayAndCreate.TC10(InvoicePayAndCreate.java:237)
at allPages.InvoicePayAndCreate.TC14(InvoicePayAndCreate.java:315)
at java.base/java.util.ArrayList.forEach(ArrayList.java:1596)
... Removed 28 stack frames]]>
    </failure>
  </testcase> <!-- TC14 -->
  <testcase classname="allPages.InvoicePayAndCreate" name="TC15" time="108574.561">
    <skipped/>
  </testcase> <!-- TC15 -->
  <testcase classname="allPages.InvoicePayAndCreate" name="TC15" time="0.026">
    <failure type="org.openqa.selenium.NoSuchSessionException" message="Session ID is null. Using WebDriver after calling quit()?
Build info: version: &amp;apos;4.18.1&amp;apos;, revision: &amp;apos;b1d3319b48&amp;apos;
System info: os.name: &amp;apos;Windows 11&amp;apos;, os.arch: &amp;apos;amd64&amp;apos;, os.version: &amp;apos;10.0&amp;apos;, java.version: &amp;apos;21.0.2&amp;apos;
Driver info: org.openqa.selenium.chrome.ChromeDriver
Command: [null, findElement {using=name, value=email}]
Capabilities {acceptInsecureCerts: false, browserName: chrome, browserVersion: 124.0.6367.91, chrome: {chromedriverVersion: 124.0.6367.91 (51df0e5e17a8..., userDataDir: C:\Users\THIRUM~1\AppData\L...}, fedcm:accounts: true, goog:chromeOptions: {debuggerAddress: localhost:56269}, networkConnectionEnabled: false, pageLoadStrategy: normal, platformName: windows, proxy: Proxy(), se:cdp: ws://localhost:56269/devtoo..., se:cdpVersion: 124.0.6367.91, setWindowRect: true, strictFileInteractability: false, timeouts: {implicit: 0, pageLoad: 300000, script: 30000}, unhandledPromptBehavior: dismiss and notify, webauthn:extension:credBlob: true, webauthn:extension:largeBlob: true, webauthn:extension:minPinLength: true, webauthn:extension:prf: true, webauthn:virtualAuthenticators: true}">
      <![CDATA[org.openqa.selenium.NoSuchSessionException: Session ID is null. Using WebDriver after calling quit()?
Build info: version: '4.18.1', revision: 'b1d3319b48'
System info: os.name: 'Windows 11', os.arch: 'amd64', os.version: '10.0', java.version: '21.0.2'
Driver info: org.openqa.selenium.chrome.ChromeDriver
Command: [null, findElement {using=name, value=email}]
Capabilities {acceptInsecureCerts: false, browserName: chrome, browserVersion: 124.0.6367.91, chrome: {chromedriverVersion: 124.0.6367.91 (51df0e5e17a8..., userDataDir: C:\Users\THIRUM~1\AppData\L...}, fedcm:accounts: true, goog:chromeOptions: {debuggerAddress: localhost:56269}, networkConnectionEnabled: false, pageLoadStrategy: normal, platformName: windows, proxy: Proxy(), se:cdp: ws://localhost:56269/devtoo..., se:cdpVersion: 124.0.6367.91, setWindowRect: true, strictFileInteractability: false, timeouts: {implicit: 0, pageLoad: 300000, script: 30000}, unhandledPromptBehavior: dismiss and notify, webauthn:extension:credBlob: true, webauthn:extension:largeBlob: true, webauthn:extension:minPinLength: true, webauthn:extension:prf: true, webauthn:virtualAuthenticators: true}
at org.openqa.selenium.remote.HttpCommandExecutor.execute(HttpCommandExecutor.java:151)
at org.openqa.selenium.remote.service.DriverCommandExecutor.invokeExecute(DriverCommandExecutor.java:216)
at org.openqa.selenium.remote.service.DriverCommandExecutor.execute(DriverCommandExecutor.java:174)
at org.openqa.selenium.remote.RemoteWebDriver.execute(RemoteWebDriver.java:519)
at org.openqa.selenium.remote.ElementLocation$ElementFinder$2.findElement(ElementLocation.java:165)
at org.openqa.selenium.remote.ElementLocation.findElement(ElementLocation.java:59)
at org.openqa.selenium.remote.RemoteWebDriver.findElement(RemoteWebDriver.java:356)
at org.openqa.selenium.remote.RemoteWebDriver.findElement(RemoteWebDriver.java:350)
at allPages.InvoicePayAndCreate.InvoicePayClick(InvoicePayAndCreate.java:64)
at allPages.InvoicePayAndCreate.TC01(InvoicePayAndCreate.java:89)
at allPages.InvoicePayAndCreate.TC10(InvoicePayAndCreate.java:235)
at allPages.InvoicePayAndCreate.TC15(InvoicePayAndCreate.java:335)
at java.base/java.util.ArrayList.forEach(ArrayList.java:1596)
... Removed 25 stack frames]]>
    </failure>
  </testcase> <!-- TC15 -->
  <testcase classname="allPages.InvoicePayAndCreate" name="TC16" time="0.0">
    <skipped/>
  </testcase> <!-- TC16 -->
  <testcase classname="allPages.InvoicePayAndCreate" name="TC17" time="0.0">
    <skipped/>
  </testcase> <!-- TC17 -->
  <testcase classname="allPages.InvoicePayAndCreate" name="TC18" time="0.0">
    <skipped/>
  </testcase> <!-- TC18 -->
  <testcase classname="allPages.InvoicePayAndCreate" name="TC19" time="0.0">
    <skipped/>
  </testcase> <!-- TC19 -->
  <testcase classname="allPages.InvoicePayAndCreate" name="TC20" time="0.0">
    <skipped/>
  </testcase> <!-- TC20 -->
  <testcase classname="allPages.InvoicePayAndCreate" name="TC21" time="0.0">
    <skipped/>
  </testcase> <!-- TC21 -->
  <testcase classname="allPages.InvoicePayAndCreate" name="TC22" time="0.0">
    <skipped/>
  </testcase> <!-- TC22 -->
  <testcase classname="allPages.InvoicePayAndCreate" name="TC23" time="0.0">
    <skipped/>
  </testcase> <!-- TC23 -->
  <testcase classname="allPages.InvoicePayAndCreate" name="TC24" time="0.0">
    <skipped/>
  </testcase> <!-- TC24 -->
  <testcase classname="allPages.InvoicePayAndCreate" name="TC25" time="0.0">
    <skipped/>
  </testcase> <!-- TC25 -->
  <testcase classname="allPages.InvoicePayAndCreate" name="TC26" time="0.0">
    <skipped/>
  </testcase> <!-- TC26 -->
  <testcase classname="allPages.InvoicePayAndCreate" name="TC27" time="0.0">
    <skipped/>
  </testcase> <!-- TC27 -->
  <testcase classname="allPages.InvoicePayAndCreate" name="TC28" time="0.0">
    <skipped/>
  </testcase> <!-- TC28 -->
  <testcase classname="allPages.InvoicePayAndCreate" name="TC29" time="0.0">
    <skipped/>
  </testcase> <!-- TC29 -->
  <testcase classname="allPages.InvoicePayAndCreate" name="TC30" time="0.0">
    <skipped/>
  </testcase> <!-- TC30 -->
  <testcase classname="allPages.InvoicePayAndCreate" name="TC31" time="0.0">
    <skipped/>
  </testcase> <!-- TC31 -->
  <testcase classname="allPages.InvoicePayAndCreate" name="TC32" time="0.0">
    <skipped/>
  </testcase> <!-- TC32 -->
  <testcase classname="allPages.InvoicePayAndCreate" name="TC33" time="0.0">
    <skipped/>
  </testcase> <!-- TC33 -->
  <testcase classname="allPages.InvoicePayAndCreate" name="TC34" time="0.0">
    <skipped/>
  </testcase> <!-- TC34 -->
  <testcase classname="allPages.InvoicePayAndCreate" name="TC35" time="0.0">
    <skipped/>
  </testcase> <!-- TC35 -->
  <testcase classname="allPages.InvoicePayAndCreate" name="TC36" time="0.0">
    <skipped/>
  </testcase> <!-- TC36 -->
  <testcase classname="allPages.InvoicePayAndCreate" name="TC37" time="0.0">
    <skipped/>
  </testcase> <!-- TC37 -->
  <testcase classname="allPages.InvoicePayAndCreate" name="TC38" time="0.0">
    <skipped/>
  </testcase> <!-- TC38 -->
  <testcase classname="allPages.InvoicePayAndCreate" name="TC39" time="0.0">
    <skipped/>
  </testcase> <!-- TC39 -->
  <testcase classname="allPages.InvoicePayAndCreate" name="TC40" time="0.0">
    <skipped/>
  </testcase> <!-- TC40 -->
  <testcase classname="allPages.InvoicePayAndCreate" name="TC41" time="0.0">
    <skipped/>
  </testcase> <!-- TC41 -->
  <testcase classname="allPages.InvoicePayAndCreate" name="TC42" time="0.0">
    <skipped/>
  </testcase> <!-- TC42 -->
  <testcase classname="allPages.InvoicePayAndCreate" name="TC43" time="0.0">
    <skipped/>
  </testcase> <!-- TC43 -->
  <testcase classname="allPages.InvoicePayAndCreate" name="TC44" time="0.0">
    <skipped/>
  </testcase> <!-- TC44 -->
  <testcase classname="allPages.InvoicePayAndCreate" name="TC44a" time="0.0">
    <skipped/>
  </testcase> <!-- TC44a -->
  <testcase classname="allPages.InvoicePayAndCreate" name="TC45" time="0.0">
    <skipped/>
  </testcase> <!-- TC45 -->
  <testcase classname="allPages.InvoicePayAndCreate" name="TC46" time="0.0">
    <skipped/>
  </testcase> <!-- TC46 -->
  <testcase classname="allPages.InvoicePayAndCreate" name="TC47" time="0.0">
    <skipped/>
  </testcase> <!-- TC47 -->
  <testcase classname="allPages.InvoicePayAndCreate" name="TC48" time="0.0">
    <skipped/>
  </testcase> <!-- TC48 -->
  <testcase classname="allPages.InvoicePayAndCreate" name="TC49" time="0.0">
    <skipped/>
  </testcase> <!-- TC49 -->
  <testcase classname="allPages.InvoicePayAndCreate" name="TC50" time="0.0">
    <skipped/>
  </testcase> <!-- TC50 -->
  <testcase classname="allPages.ViewUser" name="TC23" time="0.0">
    <ignored/>
  </testcase> <!-- TC23 -->
  <testcase classname="allPages.InstallerSetup" name="TC24" time="0.0">
    <ignored/>
  </testcase> <!-- TC24 -->
  <testcase classname="allPages.AllReportModules" name="TC39" time="0.0">
    <ignored/>
  </testcase> <!-- TC39 -->
  <testcase classname="allPages.Login" name="Login_TC8" time="0.0">
    <ignored/>
  </testcase> <!-- Login_TC8 -->
</testsuite> <!-- Test -->
