<?xml version="1.0" encoding="UTF-8"?>
<testng-results ignored="0" total="1" passed="1" failed="0" skipped="0">
  <reporter-output>
  </reporter-output>
  <suite started-at="2024-05-23T14:24:57 IST" name="Default suite" finished-at="2024-05-23T14:25:25 IST" duration-ms="27803">
    <groups>
    </groups>
    <test started-at="2024-05-23T14:24:57 IST" name="Default test" finished-at="2024-05-23T14:25:25 IST" duration-ms="27803">
      <class name="allPages.InvoicePayAndCreate">
        <test-method is-config="true" signature="launch()[pri:0, instance:allPages.InvoicePayAndCreate@36d585c]" started-at="2024-05-23T14:24:57 IST" name="launch" finished-at="2024-05-23T14:24:57 IST" duration-ms="18" status="PASS">
          <reporter-output>
          </reporter-output>
        </test-method> <!-- launch -->
        <test-method is-config="true" signature="setUp()[pri:0, instance:allPages.InvoicePayAndCreate@36d585c]" started-at="2024-05-23T14:24:57 IST" name="setUp" finished-at="2024-05-23T14:25:02 IST" duration-ms="4426" status="PASS">
          <reporter-output>
          </reporter-output>
        </test-method> <!-- setUp -->
        <test-method signature="TC47()[pri:47, instance:allPages.InvoicePayAndCreate@36d585c]" started-at="2024-05-23T14:25:02 IST" name="TC47" finished-at="2024-05-23T14:25:25 IST" duration-ms="23278" status="PASS">
          <reporter-output>
          </reporter-output>
        </test-method> <!-- TC47 -->
      </class> <!-- allPages.InvoicePayAndCreate -->
    </test> <!-- Default test -->
  </suite> <!-- Default suite -->
</testng-results>
