<?xml version="1.0" encoding="UTF-8"?>
<testng-results ignored="0" total="1" passed="1" failed="0" skipped="0">
  <reporter-output>
  </reporter-output>
  <suite started-at="2024-05-04T18:32:55 IST" name="Default suite" finished-at="2024-05-04T18:33:11 IST" duration-ms="16498">
    <groups>
    </groups>
    <test started-at="2024-05-04T18:32:55 IST" name="Default test" finished-at="2024-05-04T18:33:11 IST" duration-ms="16498">
      <class name="allPages.InvoicePayAndCreate">
        <test-method is-config="true" signature="launch()[pri:0, instance:allPages.InvoicePayAndCreate@5552768b]" started-at="2024-05-04T18:32:55 IST" name="launch" finished-at="2024-05-04T18:32:55 IST" duration-ms="15" status="PASS">
          <reporter-output>
          </reporter-output>
        </test-method> <!-- launch -->
        <test-method is-config="true" signature="setUp()[pri:0, instance:allPages.InvoicePayAndCreate@5552768b]" started-at="2024-05-04T18:32:55 IST" name="setUp" finished-at="2024-05-04T18:32:59 IST" duration-ms="3890" status="PASS">
          <reporter-output>
          </reporter-output>
        </test-method> <!-- setUp -->
        <test-method signature="TC01()[pri:1, instance:allPages.InvoicePayAndCreate@5552768b]" started-at="2024-05-04T18:32:59 IST" name="TC01" finished-at="2024-05-04T18:33:08 IST" duration-ms="9185" status="PASS">
          <reporter-output>
          </reporter-output>
        </test-method> <!-- TC01 -->
        <test-method is-config="true" signature="tearDown()[pri:0, instance:allPages.InvoicePayAndCreate@5552768b]" started-at="2024-05-04T18:33:08 IST" name="tearDown" finished-at="2024-05-04T18:33:11 IST" duration-ms="3294" status="PASS">
          <reporter-output>
          </reporter-output>
        </test-method> <!-- tearDown -->
      </class> <!-- allPages.InvoicePayAndCreate -->
    </test> <!-- Default test -->
  </suite> <!-- Default suite -->
</testng-results>
